::1 - - [10/Jul/2025:18:37:51 +0700] "GET / HTTP/1.1" 200 46
::1 - - [10/Jul/2025:18:37:51 +0700] "GET /favicon.ico HTTP/1.1" 404 196
::1 - - [10/Jul/2025:18:56:16 +0700] "GET / HTTP/1.1" 200 70
::1 - - [10/Jul/2025:18:56:16 +0700] "GET /favicon.ico HTTP/1.1" 404 196
::1 - - [10/Jul/2025:19:26:56 +0700] "GET / HTTP/1.1" 200 208
::1 - - [10/Jul/2025:19:27:25 +0700] "GET / HTTP/1.1" 200 204
::1 - - [10/Jul/2025:19:27:45 +0700] "GET / HTTP/1.1" 200 200
::1 - - [10/Jul/2025:19:28:39 +0700] "GET / HTTP/1.1" 200 196
::1 - - [10/Jul/2025:19:28:56 +0700] "GET / HTTP/1.1" 200 196
::1 - - [10/Jul/2025:19:30:14 +0700] "GET / HTTP/1.1" 200 196
::1 - - [10/Jul/2025:19:33:33 +0700] "GET /test.php HTTP/1.1" 200 157
127.0.0.1 - - [10/Jul/2025:21:29:18 +0700] "GET / HTTP/1.1" 200 196
127.0.0.1 - - [10/Jul/2025:21:29:25 +0700] "GET / HTTP/1.1" 200 196
::1 - - [11/Jul/2025:19:13:38 +0700] "POST &uk=4398745559027&cfg=p2p_switch_param HTTP/1.1" 400 226
::1 - - [11/Jul/2025:19:13:43 +0700] "POST &uk=4398745559027&cfg=p2p_switch_param HTTP/1.1" 400 226
::1 - - [11/Jul/2025:19:13:48 +0700] "POST &uk=4398745559027&cfg=p2p_switch_param HTTP/1.1" 400 226
::1 - - [11/Jul/2025:19:13:53 +0700] "POST &uk=4398745559027&cfg=p2p_switch_param HTTP/1.1" 400 226
::1 - - [11/Jul/2025:20:13:44 +0700] "POST &uk=4398745559027&cfg=p2p_switch_param HTTP/1.1" 400 226
::1 - - [11/Jul/2025:20:13:49 +0700] "POST &uk=4398745559027&cfg=p2p_switch_param HTTP/1.1" 400 226
::1 - - [11/Jul/2025:20:13:54 +0700] "POST &uk=4398745559027&cfg=p2p_switch_param HTTP/1.1" 400 226
::1 - - [11/Jul/2025:20:13:59 +0700] "POST &uk=4398745559027&cfg=p2p_switch_param HTTP/1.1" 400 226
127.0.0.1 - - [11/Jul/2025:20:56:23 +0700] "GET / HTTP/1.1" 200 196
127.0.0.1 - - [11/Jul/2025:20:59:43 +0700] "GET / HTTP/1.1" 200 196
127.0.0.1 - - [11/Jul/2025:21:00:36 +0700] "GET / HTTP/1.1" 200 196
127.0.0.1 - - [11/Jul/2025:21:04:57 +0700] "GET / HTTP/1.1" 200 196
127.0.0.1 - - [11/Jul/2025:21:09:12 +0700] "GET / HTTP/1.1" 200 196
::1 - - [11/Jul/2025:21:13:49 +0700] "POST &uk=4398745559027&cfg=p2p_switch_param HTTP/1.1" 400 226
::1 - - [11/Jul/2025:21:13:55 +0700] "POST &uk=4398745559027&cfg=p2p_switch_param HTTP/1.1" 400 226
::1 - - [11/Jul/2025:21:14:00 +0700] "POST &uk=4398745559027&cfg=p2p_switch_param HTTP/1.1" 400 226
::1 - - [11/Jul/2025:21:14:05 +0700] "POST &uk=4398745559027&cfg=p2p_switch_param HTTP/1.1" 400 226
127.0.0.1 - - [11/Jul/2025:21:19:47 +0700] "GET / HTTP/1.1" 200 196
127.0.0.1 - - [11/Jul/2025:21:30:27 +0700] "GET / HTTP/1.1" 200 196
::1 - - [11/Jul/2025:22:13:55 +0700] "POST &uk=4398745559027&cfg=p2p_switch_param HTTP/1.1" 400 226
::1 - - [11/Jul/2025:22:14:00 +0700] "POST &uk=4398745559027&cfg=p2p_switch_param HTTP/1.1" 400 226
::1 - - [11/Jul/2025:22:14:05 +0700] "POST &uk=4398745559027&cfg=p2p_switch_param HTTP/1.1" 400 226
::1 - - [11/Jul/2025:22:14:10 +0700] "POST &uk=4398745559027&cfg=p2p_switch_param HTTP/1.1" 400 226
::1 - - [11/Jul/2025:23:14:00 +0700] "POST &uk=4398745559027&cfg=p2p_switch_param HTTP/1.1" 400 226
::1 - - [11/Jul/2025:23:14:06 +0700] "POST &uk=4398745559027&cfg=p2p_switch_param HTTP/1.1" 400 226
::1 - - [11/Jul/2025:23:14:11 +0700] "POST &uk=4398745559027&cfg=p2p_switch_param HTTP/1.1" 400 226
::1 - - [11/Jul/2025:23:14:16 +0700] "POST &uk=4398745559027&cfg=p2p_switch_param HTTP/1.1" 400 226
::1 - - [12/Jul/2025:00:14:06 +0700] "POST &uk=4398745559027&cfg=p2p_switch_param HTTP/1.1" 400 226
::1 - - [12/Jul/2025:00:14:11 +0700] "POST &uk=4398745559027&cfg=p2p_switch_param HTTP/1.1" 400 226
::1 - - [12/Jul/2025:00:14:16 +0700] "POST &uk=4398745559027&cfg=p2p_switch_param HTTP/1.1" 400 226
::1 - - [12/Jul/2025:00:14:21 +0700] "POST &uk=4398745559027&cfg=p2p_switch_param HTTP/1.1" 400 226
::1 - - [12/Jul/2025:01:14:12 +0700] "POST &uk=4398745559027&cfg=p2p_switch_param HTTP/1.1" 400 226
::1 - - [12/Jul/2025:01:14:17 +0700] "POST &uk=4398745559027&cfg=p2p_switch_param HTTP/1.1" 400 226
::1 - - [12/Jul/2025:01:14:22 +0700] "POST &uk=4398745559027&cfg=p2p_switch_param HTTP/1.1" 400 226
::1 - - [12/Jul/2025:01:14:27 +0700] "POST &uk=4398745559027&cfg=p2p_switch_param HTTP/1.1" 400 226
::1 - - [12/Jul/2025:02:14:17 +0700] "POST &uk=4398745559027&cfg=p2p_switch_param HTTP/1.1" 400 226
::1 - - [12/Jul/2025:02:14:22 +0700] "POST &uk=4398745559027&cfg=p2p_switch_param HTTP/1.1" 400 226
::1 - - [12/Jul/2025:02:14:27 +0700] "POST &uk=4398745559027&cfg=p2p_switch_param HTTP/1.1" 400 226
::1 - - [12/Jul/2025:02:14:32 +0700] "POST &uk=4398745559027&cfg=p2p_switch_param HTTP/1.1" 400 226
::1 - - [12/Jul/2025:12:06:54 +0700] "POST /plugin%3Awindow%7Cdestroy HTTP/1.1" 403 199
::1 - - [12/Jul/2025:16:35:10 +0700] "GET /firstprog.php HTTP/1.1" 200 136
::1 - - [12/Jul/2025:16:35:11 +0700] "GET /favicon.ico HTTP/1.1" 404 196
::1 - - [12/Jul/2025:16:36:34 +0700] "GET /firstprog.php HTTP/1.1" 200 149
::1 - - [12/Jul/2025:16:36:40 +0700] "GET /firstprog.php HTTP/1.1" 200 149
::1 - - [12/Jul/2025:16:37:31 +0700] "GET /firstprog.php HTTP/1.1" 200 151
::1 - - [12/Jul/2025:16:37:38 +0700] "GET /firstprog.php HTTP/1.1" 200 151
::1 - - [12/Jul/2025:16:37:44 +0700] "GET /firstprog.php HTTP/1.1" 200 151
::1 - - [12/Jul/2025:16:41:14 +0700] "GET /firstprog.php HTTP/1.1" 200 168
::1 - - [12/Jul/2025:16:42:45 +0700] "GET /firstprog.php HTTP/1.1" 200 188
::1 - - [12/Jul/2025:16:43:14 +0700] "GET /firstprog.php HTTP/1.1" 200 212
::1 - - [12/Jul/2025:16:45:45 +0700] "GET /firstprog.php HTTP/1.1" 200 318
::1 - - [12/Jul/2025:16:45:46 +0700] "GET /firstprog.php HTTP/1.1" 200 318
::1 - - [12/Jul/2025:16:47:52 +0700] "GET /firstprog.php HTTP/1.1" 200 170
::1 - - [12/Jul/2025:16:49:01 +0700] "GET /firstprog.php HTTP/1.1" 200 170
::1 - - [12/Jul/2025:16:54:31 +0700] "GET /firstprog.php HTTP/1.1" 200 199
::1 - - [12/Jul/2025:16:54:33 +0700] "GET /firstprog.php HTTP/1.1" 200 199
::1 - - [12/Jul/2025:16:54:52 +0700] "GET /firstprog.php HTTP/1.1" 200 205
::1 - - [12/Jul/2025:16:55:00 +0700] "GET /firstprog.php HTTP/1.1" 200 206
::1 - - [12/Jul/2025:16:59:11 +0700] "GET /firstprog.php HTTP/1.1" 200 160
::1 - - [12/Jul/2025:17:00:12 +0700] "GET /firstprog.php HTTP/1.1" 200 146
::1 - - [12/Jul/2025:17:00:17 +0700] "GET /firstprog.php HTTP/1.1" 200 160
::1 - - [12/Jul/2025:17:00:18 +0700] "GET /firstprog.php HTTP/1.1" 200 160
::1 - - [12/Jul/2025:17:03:10 +0700] "GET /firstprog.php HTTP/1.1" 200 201
::1 - - [12/Jul/2025:17:04:43 +0700] "GET /firstprog.php HTTP/1.1" 200 207
::1 - - [12/Jul/2025:17:06:16 +0700] "GET /firstprog.php HTTP/1.1" 200 207
::1 - - [12/Jul/2025:17:06:18 +0700] "GET /firstprog.php HTTP/1.1" 200 207
::1 - - [12/Jul/2025:17:06:18 +0700] "GET /firstprog.php HTTP/1.1" 200 207
::1 - - [12/Jul/2025:17:06:18 +0700] "GET /firstprog.php HTTP/1.1" 200 207
::1 - - [12/Jul/2025:17:06:18 +0700] "GET /firstprog.php HTTP/1.1" 200 207
::1 - - [12/Jul/2025:17:06:19 +0700] "GET /firstprog.php HTTP/1.1" 200 207
::1 - - [12/Jul/2025:17:06:19 +0700] "GET /firstprog.php HTTP/1.1" 200 207
::1 - - [12/Jul/2025:17:06:19 +0700] "GET /firstprog.php HTTP/1.1" 200 207
::1 - - [12/Jul/2025:17:06:19 +0700] "GET /firstprog.php HTTP/1.1" 200 207
::1 - - [12/Jul/2025:17:06:19 +0700] "GET /firstprog.php HTTP/1.1" 200 207
::1 - - [12/Jul/2025:17:06:19 +0700] "GET /firstprog.php HTTP/1.1" 200 207
::1 - - [12/Jul/2025:17:06:19 +0700] "GET /firstprog.php HTTP/1.1" 200 207
::1 - - [12/Jul/2025:17:06:20 +0700] "GET /firstprog.php HTTP/1.1" 200 207
::1 - - [12/Jul/2025:17:06:20 +0700] "GET /firstprog.php HTTP/1.1" 200 207
::1 - - [12/Jul/2025:17:06:20 +0700] "GET /firstprog.php HTTP/1.1" 200 207
::1 - - [12/Jul/2025:17:06:20 +0700] "GET /firstprog.php HTTP/1.1" 200 207
::1 - - [12/Jul/2025:17:06:21 +0700] "GET /firstprog.php HTTP/1.1" 200 207
::1 - - [12/Jul/2025:17:06:21 +0700] "GET /firstprog.php HTTP/1.1" 200 207
::1 - - [12/Jul/2025:17:06:21 +0700] "GET /firstprog.php HTTP/1.1" 200 207
::1 - - [12/Jul/2025:17:06:21 +0700] "GET /firstprog.php HTTP/1.1" 200 207
::1 - - [12/Jul/2025:17:06:25 +0700] "GET /firstprog.php HTTP/1.1" 200 207
::1 - - [12/Jul/2025:17:06:25 +0700] "GET /firstprog.php HTTP/1.1" 200 208
::1 - - [12/Jul/2025:17:06:26 +0700] "GET /firstprog.php HTTP/1.1" 200 208
::1 - - [12/Jul/2025:17:06:26 +0700] "GET /firstprog.php HTTP/1.1" 200 208
::1 - - [12/Jul/2025:17:06:26 +0700] "GET /firstprog.php HTTP/1.1" 200 208
::1 - - [12/Jul/2025:17:06:26 +0700] "GET /firstprog.php HTTP/1.1" 200 208
::1 - - [12/Jul/2025:17:06:26 +0700] "GET /firstprog.php HTTP/1.1" 200 208
::1 - - [12/Jul/2025:17:06:26 +0700] "GET /firstprog.php HTTP/1.1" 200 208
::1 - - [12/Jul/2025:17:06:27 +0700] "GET /firstprog.php HTTP/1.1" 200 208
::1 - - [12/Jul/2025:17:06:27 +0700] "GET /firstprog.php HTTP/1.1" 200 208
::1 - - [12/Jul/2025:17:06:27 +0700] "GET /firstprog.php HTTP/1.1" 200 208
::1 - - [12/Jul/2025:17:06:27 +0700] "GET /firstprog.php HTTP/1.1" 200 208
::1 - - [12/Jul/2025:17:06:28 +0700] "GET /firstprog.php HTTP/1.1" 200 208
::1 - - [12/Jul/2025:17:06:28 +0700] "GET /firstprog.php HTTP/1.1" 200 208
::1 - - [12/Jul/2025:17:06:28 +0700] "GET /firstprog.php HTTP/1.1" 200 208
::1 - - [12/Jul/2025:17:06:28 +0700] "GET /firstprog.php HTTP/1.1" 200 208
::1 - - [12/Jul/2025:17:06:28 +0700] "GET /firstprog.php HTTP/1.1" 200 208
::1 - - [12/Jul/2025:17:06:28 +0700] "GET /firstprog.php HTTP/1.1" 200 208
::1 - - [12/Jul/2025:17:06:29 +0700] "GET /firstprog.php HTTP/1.1" 200 208
::1 - - [12/Jul/2025:17:06:29 +0700] "GET /firstprog.php HTTP/1.1" 200 208
::1 - - [12/Jul/2025:17:06:30 +0700] "GET /firstprog.php HTTP/1.1" 200 208
::1 - - [12/Jul/2025:17:06:30 +0700] "GET /firstprog.php HTTP/1.1" 200 207
::1 - - [12/Jul/2025:17:06:30 +0700] "GET /firstprog.php HTTP/1.1" 200 208
::1 - - [12/Jul/2025:17:06:30 +0700] "GET /firstprog.php HTTP/1.1" 200 208
::1 - - [12/Jul/2025:17:06:30 +0700] "GET /firstprog.php HTTP/1.1" 200 208
::1 - - [12/Jul/2025:17:06:30 +0700] "GET /firstprog.php HTTP/1.1" 200 208
::1 - - [12/Jul/2025:17:06:31 +0700] "GET /firstprog.php HTTP/1.1" 200 208
::1 - - [12/Jul/2025:17:06:31 +0700] "GET /firstprog.php HTTP/1.1" 200 208
::1 - - [12/Jul/2025:17:06:31 +0700] "GET /firstprog.php HTTP/1.1" 200 208
::1 - - [12/Jul/2025:17:06:31 +0700] "GET /firstprog.php HTTP/1.1" 200 208
::1 - - [12/Jul/2025:17:06:31 +0700] "GET /firstprog.php HTTP/1.1" 200 208
::1 - - [12/Jul/2025:17:06:31 +0700] "GET /firstprog.php HTTP/1.1" 200 208
::1 - - [12/Jul/2025:17:06:32 +0700] "GET /firstprog.php HTTP/1.1" 200 208
::1 - - [12/Jul/2025:17:07:18 +0700] "GET /firstprog.php HTTP/1.1" 200 214
::1 - - [12/Jul/2025:17:07:19 +0700] "GET /firstprog.php HTTP/1.1" 200 214
::1 - - [12/Jul/2025:17:07:19 +0700] "GET /firstprog.php HTTP/1.1" 200 213
::1 - - [12/Jul/2025:17:07:19 +0700] "GET /firstprog.php HTTP/1.1" 200 213
::1 - - [12/Jul/2025:17:07:20 +0700] "GET /firstprog.php HTTP/1.1" 200 214
::1 - - [12/Jul/2025:17:07:20 +0700] "GET /firstprog.php HTTP/1.1" 200 214
::1 - - [12/Jul/2025:17:07:20 +0700] "GET /firstprog.php HTTP/1.1" 200 214
::1 - - [12/Jul/2025:17:07:20 +0700] "GET /firstprog.php HTTP/1.1" 200 214
::1 - - [12/Jul/2025:17:10:06 +0700] "GET /firstprog.php HTTP/1.1" 200 222
::1 - - [12/Jul/2025:17:10:06 +0700] "GET /firstprog.php HTTP/1.1" 200 222
::1 - - [12/Jul/2025:17:10:06 +0700] "GET /firstprog.php HTTP/1.1" 200 222
::1 - - [12/Jul/2025:17:10:07 +0700] "GET /firstprog.php HTTP/1.1" 200 222
::1 - - [12/Jul/2025:17:10:07 +0700] "GET /firstprog.php HTTP/1.1" 200 222
::1 - - [12/Jul/2025:17:10:07 +0700] "GET /firstprog.php HTTP/1.1" 200 222
::1 - - [12/Jul/2025:17:10:07 +0700] "GET /firstprog.php HTTP/1.1" 200 222
::1 - - [12/Jul/2025:17:10:07 +0700] "GET /firstprog.php HTTP/1.1" 200 221
::1 - - [12/Jul/2025:17:10:08 +0700] "GET /firstprog.php HTTP/1.1" 200 222
::1 - - [12/Jul/2025:17:10:08 +0700] "GET /firstprog.php HTTP/1.1" 200 222
::1 - - [12/Jul/2025:17:10:08 +0700] "GET /firstprog.php HTTP/1.1" 200 222
::1 - - [12/Jul/2025:17:10:08 +0700] "GET /firstprog.php HTTP/1.1" 200 222
::1 - - [12/Jul/2025:17:10:08 +0700] "GET /firstprog.php HTTP/1.1" 200 222
::1 - - [12/Jul/2025:17:10:08 +0700] "GET /firstprog.php HTTP/1.1" 200 222
::1 - - [12/Jul/2025:17:10:09 +0700] "GET /firstprog.php HTTP/1.1" 200 222
::1 - - [12/Jul/2025:17:10:14 +0700] "GET /firstprog.php HTTP/1.1" 200 222
::1 - - [12/Jul/2025:17:10:14 +0700] "GET /firstprog.php HTTP/1.1" 200 222
::1 - - [12/Jul/2025:17:10:14 +0700] "GET /firstprog.php HTTP/1.1" 200 222
::1 - - [12/Jul/2025:17:10:15 +0700] "GET /firstprog.php HTTP/1.1" 200 222
::1 - - [12/Jul/2025:17:10:15 +0700] "GET /firstprog.php HTTP/1.1" 200 222
::1 - - [12/Jul/2025:17:10:38 +0700] "GET /firstprog.php HTTP/1.1" 200 227
::1 - - [12/Jul/2025:17:10:39 +0700] "GET /firstprog.php HTTP/1.1" 200 227
::1 - - [12/Jul/2025:17:10:39 +0700] "GET /firstprog.php HTTP/1.1" 200 227
::1 - - [12/Jul/2025:17:10:39 +0700] "GET /firstprog.php HTTP/1.1" 200 227
::1 - - [12/Jul/2025:17:10:39 +0700] "GET /firstprog.php HTTP/1.1" 200 227
::1 - - [12/Jul/2025:17:10:39 +0700] "GET /firstprog.php HTTP/1.1" 200 227
::1 - - [12/Jul/2025:17:18:07 +0700] "GET /firstprog.php?id=1234 HTTP/1.1" 200 248
::1 - - [12/Jul/2025:17:18:12 +0700] "GET /firstprog.php?id=123 HTTP/1.1" 200 237
::1 - - [12/Jul/2025:17:18:15 +0700] "GET /firstprog.php?id=1234 HTTP/1.1" 200 248
::1 - - [12/Jul/2025:17:20:16 +0700] "GET /firstprog.php?id=1234&lang=en&rate=2 HTTP/1.1" 200 277
::1 - - [12/Jul/2025:17:20:39 +0700] "GET /firstprog.php HTTP/1.1" 200 499
::1 - - [12/Jul/2025:17:23:52 +0700] "GET /movie HTTP/1.1" 404 196
::1 - - [12/Jul/2025:17:24:02 +0700] "GET /movie.php HTTP/1.1" 200 162
::1 - - [12/Jul/2025:17:24:03 +0700] "GET /firstprog.php?id=1234&lang=en&rate=2 HTTP/1.1" 200 277
::1 - - [12/Jul/2025:17:57:50 +0700] "GET /movie.php HTTP/1.1" 200 181
::1 - - [12/Jul/2025:17:57:51 +0700] "GET /favicon.ico HTTP/1.1" 404 196
::1 - - [12/Jul/2025:17:57:52 +0700] "GET /firstprog.php?id=1234&lang=en&rate=2&favmovie=$favmovie HTTP/1.1" 200 311
::1 - - [12/Jul/2025:17:58:48 +0700] "GET /movie.php HTTP/1.1" 200 183
::1 - - [12/Jul/2025:17:58:49 +0700] "GET /firstprog.php?id=1234&lang=en&rate=2&favmovie=Life%20of%20bin HTTP/1.1" 200 313
::1 - - [12/Jul/2025:17:58:51 +0700] "GET /firstprog.php?id=1234&lang=en&rate=2&favmovie=Life%20of%20bin HTTP/1.1" 200 313
::1 - - [12/Jul/2025:18:09:37 +0700] "GET /movie1.php HTTP/1.1" 200 204
::1 - - [12/Jul/2025:18:09:39 +0700] "GET /firstprog.php?id=1234&lang=en&rate=2&favmovie=Life%20of%20bin HTTP/1.1" 200 226
::1 - - [12/Jul/2025:18:09:42 +0700] "GET /firstprog.php?id=1234&lang=en&rate=2&favmovie=Life%20of%20bin HTTP/1.1" 200 226
::1 - - [12/Jul/2025:18:10:25 +0700] "GET /movie1.php HTTP/1.1" 200 204
::1 - - [12/Jul/2025:18:10:25 +0700] "GET /firstprog.php?id=1234&lang=en&rate=2&favmovie=Life%20of%20bin HTTP/1.1" 200 226
::1 - - [12/Jul/2025:18:10:27 +0700] "GET /firstprog.php?id=1234&lang=en&rate=2&favmovie=Life%20of%20bin HTTP/1.1" 200 226
::1 - - [12/Jul/2025:18:10:39 +0700] "GET /movie1.php HTTP/1.1" 200 204
::1 - - [12/Jul/2025:18:10:40 +0700] "GET /firstprog.php?id=1234&lang=en&rate=2&favmovie=Life%20of%20bin HTTP/1.1" 200 226
::1 - - [12/Jul/2025:18:10:41 +0700] "GET /firstprog.php?id=1234&lang=en&rate=2&favmovie=Life%20of%20bin HTTP/1.1" 200 226
::1 - - [12/Jul/2025:18:12:05 +0700] "GET /movie1.php HTTP/1.1" 200 204
::1 - - [12/Jul/2025:18:12:07 +0700] "GET /firstprog.php?id=1234&lang=en&rate=2&favmovie=Life%20of%20bin HTTP/1.1" 200 226
::1 - - [12/Jul/2025:18:12:11 +0700] "GET /firstprog.php?id=1234&lang=en&rate=2&favmovie=Life%20of%20bin HTTP/1.1" 200 226
::1 - - [12/Jul/2025:18:12:14 +0700] "GET /firstprog.php?id=1234&lang=en&rate=2&favmovie=Life%20of%20bin HTTP/1.1" 200 226
::1 - - [12/Jul/2025:18:12:16 +0700] "GET /firstprog.php?id=1234&lang=en&rate=2&favmovie=Life%20of%20bin HTTP/1.1" 200 226
::1 - - [12/Jul/2025:18:12:51 +0700] "GET /movie1.php HTTP/1.1" 200 204
::1 - - [12/Jul/2025:18:12:52 +0700] "GET /firstprog.php?id=1234&lang=en&rate=2&favmovie=Life%20of%20bin HTTP/1.1" 200 351
::1 - - [12/Jul/2025:18:12:54 +0700] "GET /firstprog.php?id=1234&lang=en&rate=2&favmovie=Life%20of%20bin HTTP/1.1" 200 351
::1 - - [12/Jul/2025:18:13:35 +0700] "GET /firstprog.php?id=1234&lang=en&rate=2&favmovie=Life%20of%20bin HTTP/1.1" 200 351
::1 - - [12/Jul/2025:18:13:36 +0700] "GET /movie1.php HTTP/1.1" 200 204
::1 - - [12/Jul/2025:18:13:37 +0700] "GET /firstprog.php?id=1234&lang=en&rate=2&favmovie=Life+of+bin HTTP/1.1" 200 351
::1 - - [12/Jul/2025:18:15:15 +0700] "GET /firstprog.php?id=1234&lang=en&rate=2&favmovie=Life+of+bin HTTP/1.1" 200 351
::1 - - [12/Jul/2025:18:15:18 +0700] "GET /movie1.php HTTP/1.1" 200 204
::1 - - [12/Jul/2025:18:15:18 +0700] "GET /firstprog.php?id=1234&lang=en&rate=2&favmovie=Life+of+bin HTTP/1.1" 200 351
::1 - - [12/Jul/2025:18:27:23 +0700] "GET /movie1.php HTTP/1.1" 200 204
::1 - - [12/Jul/2025:18:27:25 +0700] "GET /firstprog.php?id=1234&lang=en&rate=2&favmovie=Life+of+bin HTTP/1.1" 200 470
::1 - - [12/Jul/2025:18:27:53 +0700] "GET /movie1.php HTTP/1.1" 200 204
::1 - - [12/Jul/2025:18:27:54 +0700] "GET /firstprog.php?id=1234&lang=en&rate=2&favmovie=Life+of+bin HTTP/1.1" 200 470
::1 - - [12/Jul/2025:18:29:15 +0700] "GET /movie1.php HTTP/1.1" 200 204
::1 - - [12/Jul/2025:18:29:16 +0700] "GET /firstprog.php?id=1234&lang=en&rate=2&favmovie=Life+of+bin HTTP/1.1" 200 351
::1 - - [12/Jul/2025:18:29:19 +0700] "GET /firstprog.php?id=1234&lang=en&rate=2&favmovie=Life+of+bin HTTP/1.1" 200 351
::1 - - [12/Jul/2025:18:29:36 +0700] "GET /movie1.php HTTP/1.1" 200 204
::1 - - [12/Jul/2025:18:29:37 +0700] "GET /firstprog.php?id=1234&lang=en&rate=2&favmovie=Life+of+bin HTTP/1.1" 200 351
::1 - - [12/Jul/2025:18:29:43 +0700] "GET /firstprog.php?id=1234&lang=en&rate=2&favmovie=Life+of+bin HTTP/1.1" 200 470
::1 - - [12/Jul/2025:18:29:54 +0700] "GET /firstprog.php?id=1234&lang=en&rate=2&favmovie=Life+of+bin HTTP/1.1" 200 470
::1 - - [12/Jul/2025:18:29:55 +0700] "GET /movie1.php HTTP/1.1" 200 204
::1 - - [12/Jul/2025:18:29:56 +0700] "GET /firstprog.php?id=1234&lang=en&rate=2&favmovie=Life+of+bin HTTP/1.1" 200 350
::1 - - [12/Jul/2025:18:41:15 +0700] "GET /form.php HTTP/1.1" 200 488
::1 - - [12/Jul/2025:18:42:47 +0700] "GET /form.php HTTP/1.1" 200 488
::1 - - [12/Jul/2025:18:42:57 +0700] "POST /movie1.php HTTP/1.1" 200 204
::1 - - [12/Jul/2025:18:43:09 +0700] "POST /movie1.php HTTP/1.1" 200 53
::1 - - [12/Jul/2025:18:43:16 +0700] "POST /movie1.php HTTP/1.1" 200 204
::1 - - [12/Jul/2025:18:43:17 +0700] "GET /firstprog.php?id=1234&lang=en&rate=2&favmovie=Life+of+bin HTTP/1.1" 200 351
127.0.0.1 - - [13/Jul/2025:03:00:08 +0700] "GET / HTTP/1.1" 200 196
127.0.0.1 - - [13/Jul/2025:03:07:05 +0700] "GET / HTTP/1.1" 200 196
127.0.0.1 - - [13/Jul/2025:03:08:05 +0700] "GET / HTTP/1.1" 200 196
127.0.0.1 - - [13/Jul/2025:03:13:22 +0700] "GET / HTTP/1.1" 200 196
127.0.0.1 - - [13/Jul/2025:03:14:07 +0700] "GET / HTTP/1.1" 200 196
127.0.0.1 - - [13/Jul/2025:03:19:35 +0700] "GET / HTTP/1.1" 200 196
127.0.0.1 - - [13/Jul/2025:03:20:25 +0700] "GET / HTTP/1.1" 200 196
::1 - - [13/Jul/2025:15:45:01 +0700] "GET /movie1.php HTTP/1.1" 200 281
::1 - - [13/Jul/2025:15:45:02 +0700] "GET /favicon.ico HTTP/1.1" 404 196
::1 - - [13/Jul/2025:15:45:08 +0700] "GET /form.php HTTP/1.1" 200 488
::1 - - [13/Jul/2025:15:45:13 +0700] "POST /movie1.php HTTP/1.1" 200 204
::1 - - [13/Jul/2025:15:45:15 +0700] "GET /firstprog.php?id=1234&lang=en&rate=2&favmovie=Life+of+bin HTTP/1.1" 200 351
::1 - - [13/Jul/2025:15:54:20 +0700] "GET /datemonth.php HTTP/1.1" 404 196
::1 - - [13/Jul/2025:15:54:27 +0700] "GET /daymonth.php HTTP/1.1" 200 128
::1 - - [13/Jul/2025:15:54:28 +0700] "GET /daymonth.php HTTP/1.1" 200 128
::1 - - [13/Jul/2025:15:54:29 +0700] "GET /daymonth.php HTTP/1.1" 200 128
::1 - - [13/Jul/2025:15:54:29 +0700] "GET /daymonth.php HTTP/1.1" 200 128
::1 - - [13/Jul/2025:15:54:29 +0700] "GET /daymonth.php HTTP/1.1" 200 128
::1 - - [13/Jul/2025:15:54:29 +0700] "GET /daymonth.php HTTP/1.1" 200 128
::1 - - [13/Jul/2025:16:00:40 +0700] "GET /form.php HTTP/1.1" 200 488
::1 - - [13/Jul/2025:16:00:45 +0700] "POST /movie1.php HTTP/1.1" 200 204
::1 - - [13/Jul/2025:16:00:46 +0700] "GET /firstprog.php?id=1234&lang=en&rate=2&favmovie=Life+of+bin HTTP/1.1" 200 567
::1 - - [13/Jul/2025:16:01:38 +0700] "GET /firstprog.php?id=1234&lang=en&rate=2&favmovie=Life+of+bin HTTP/1.1" 200 572
::1 - - [13/Jul/2025:16:01:57 +0700] "GET /firstprog.php?id=1234&lang=en&rate=2&favmovie=Life+of+bin HTTP/1.1" 200 574
::1 - - [13/Jul/2025:16:02:00 +0700] "GET /firstprog.php?id=1234&lang=en&rate=2&favmovie=Life+of+bin HTTP/1.1" 200 571
::1 - - [13/Jul/2025:16:02:03 +0700] "GET /firstprog.php?id=1234&lang=en&rate=2&favmovie=Life+of+bin HTTP/1.1" 200 573
::1 - - [13/Jul/2025:16:02:06 +0700] "GET /firstprog.php?id=1234&lang=en&rate=2&favmovie=Life+of+bin HTTP/1.1" 200 568
::1 - - [13/Jul/2025:16:02:10 +0700] "GET /firstprog.php?id=1234&lang=en&rate=2&favmovie=Life+of+bin HTTP/1.1" 200 573
::1 - - [13/Jul/2025:16:02:42 +0700] "GET /form.php HTTP/1.1" 200 705
::1 - - [13/Jul/2025:16:09:51 +0700] "POST /movie1.php HTTP/1.1" 200 385
::1 - - [13/Jul/2025:16:10:03 +0700] "POST /movie1.php HTTP/1.1" 200 390
::1 - - [13/Jul/2025:16:10:24 +0700] "POST /movie1.php HTTP/1.1" 200 607
::1 - - [13/Jul/2025:16:20:02 +0700] "POST /movie1.php HTTP/1.1" 200 607
::1 - - [13/Jul/2025:16:20:03 +0700] "GET /moviesite.php?movienum=5 HTTP/1.1" 200 357
::1 - - [13/Jul/2025:16:20:26 +0700] "POST /movie1.php HTTP/1.1" 200 607
::1 - - [13/Jul/2025:16:20:28 +0700] "GET /firstprog.php?id=1234&lang=en&rate=2&favmovie=Life+of+bin HTTP/1.1" 200 356
::1 - - [13/Jul/2025:16:20:32 +0700] "POST /movie1.php HTTP/1.1" 200 607
::1 - - [13/Jul/2025:16:20:33 +0700] "GET /moviesite.php?movienum=10 HTTP/1.1" 200 358
::1 - - [13/Jul/2025:16:21:06 +0700] "GET /moviesite.php?movienum=10 HTTP/1.1" 200 359
::1 - - [13/Jul/2025:16:21:11 +0700] "GET /moviesite.php?movienum=10 HTTP/1.1" 200 360
::1 - - [13/Jul/2025:16:21:48 +0700] "GET /moviesite.php?movienum=10 HTTP/1.1" 200 360
::1 - - [13/Jul/2025:16:21:50 +0700] "GET /moviesite.php?movienum=10 HTTP/1.1" 200 360
::1 - - [13/Jul/2025:16:21:52 +0700] "GET /moviesite.php?movienum=10 HTTP/1.1" 200 360
::1 - - [13/Jul/2025:16:21:58 +0700] "POST /movie1.php HTTP/1.1" 200 607
::1 - - [13/Jul/2025:16:21:59 +0700] "GET /moviesite.php?movienum=10 HTTP/1.1" 200 360
::1 - - [13/Jul/2025:16:22:45 +0700] "GET /moviesite.php?movienum=10 HTTP/1.1" 200 363
::1 - - [13/Jul/2025:16:22:47 +0700] "GET /moviesite.php?movienum=10 HTTP/1.1" 200 363
::1 - - [13/Jul/2025:16:22:50 +0700] "POST /movie1.php HTTP/1.1" 200 607
::1 - - [13/Jul/2025:16:22:51 +0700] "GET /moviesite.php?movienum=5 HTTP/1.1" 200 246
::1 - - [13/Jul/2025:16:22:53 +0700] "POST /movie1.php HTTP/1.1" 200 607
::1 - - [13/Jul/2025:16:22:54 +0700] "GET /moviesite.php?movienum=10 HTTP/1.1" 200 363
::1 - - [13/Jul/2025:16:23:00 +0700] "POST /movie1.php HTTP/1.1" 200 607
::1 - - [13/Jul/2025:16:23:01 +0700] "GET /moviesite.php?movienum=5 HTTP/1.1" 200 246
::1 - - [13/Jul/2025:16:38:28 +0700] "GET /testSortArray.php HTTP/1.1" 200 147
::1 - - [13/Jul/2025:16:39:24 +0700] "GET /testSortArray.php HTTP/1.1" 200 147
::1 - - [13/Jul/2025:16:39:38 +0700] "GET /testSortArray.php HTTP/1.1" 200 147
::1 - - [13/Jul/2025:16:43:12 +0700] "GET /testSortArray.php HTTP/1.1" 200 147
::1 - - [13/Jul/2025:16:43:18 +0700] "GET /foreach.php HTTP/1.1" 200 145
::1 - - [13/Jul/2025:16:46:19 +0700] "GET /form.php HTTP/1.1" 200 705
::1 - - [13/Jul/2025:16:54:32 +0700] "GET /form.php HTTP/1.1" 200 705
::1 - - [13/Jul/2025:16:54:35 +0700] "POST /movie1.php HTTP/1.1" 200 623
::1 - - [13/Jul/2025:16:54:54 +0700] "GET /movie.php?sorted=true HTTP/1.1" 200 183
::1 - - [13/Jul/2025:16:54:56 +0700] "GET /firstprog.php?id=1234&lang=en&rate=2&favmovie=Life%20of%20bin HTTP/1.1" 200 355
::1 - - [13/Jul/2025:16:54:59 +0700] "POST /movie1.php HTTP/1.1" 200 623
::1 - - [13/Jul/2025:16:55:00 +0700] "GET /moviesite.php HTTP/1.1" 200 601
::1 - - [13/Jul/2025:16:55:16 +0700] "POST /movie1.php HTTP/1.1" 200 627
::1 - - [13/Jul/2025:16:55:17 +0700] "GET /moviesite.php?sorted=true HTTP/1.1" 200 601
::1 - - [13/Jul/2025:16:55:24 +0700] "GET /form.php HTTP/1.1" 200 705
::1 - - [13/Jul/2025:16:55:28 +0700] "POST /movie1.php HTTP/1.1" 200 627
::1 - - [13/Jul/2025:16:55:30 +0700] "GET /moviesite.php HTTP/1.1" 200 601
::1 - - [14/Jul/2025:11:01:49 +0700] "GET /db_ch03-1.php HTTP/1.1" 200 215
::1 - - [14/Jul/2025:11:01:50 +0700] "GET /favicon.ico HTTP/1.1" 404 196
::1 - - [14/Jul/2025:11:06:33 +0700] "GET /db_ch03-1.php HTTP/1.1" 200 215
::1 - - [14/Jul/2025:11:07:23 +0700] "GET /db_ch03-1.php HTTP/1.1" 200 215
::1 - - [14/Jul/2025:11:10:35 +0700] "GET /db_ch03-1.php HTTP/1.1" 200 215
::1 - - [14/Jul/2025:11:10:40 +0700] "GET /db_ch03-1.php HTTP/1.1" 200 215
::1 - - [14/Jul/2025:11:10:41 +0700] "GET /db_ch03-1.php HTTP/1.1" 200 215
::1 - - [14/Jul/2025:11:10:41 +0700] "GET /db_ch03-1.php HTTP/1.1" 200 215
::1 - - [14/Jul/2025:11:10:41 +0700] "GET /db_ch03-1.php HTTP/1.1" 200 215
::1 - - [14/Jul/2025:11:10:41 +0700] "GET /db_ch03-1.php HTTP/1.1" 200 215
::1 - - [14/Jul/2025:11:10:41 +0700] "GET /db_ch03-1.php HTTP/1.1" 200 215
::1 - - [14/Jul/2025:11:11:52 +0700] "GET /db_ch03-1.php HTTP/1.1" 200 215
::1 - - [14/Jul/2025:11:11:53 +0700] "GET /db_ch03-1.php HTTP/1.1" 200 215
::1 - - [14/Jul/2025:11:11:54 +0700] "GET /db_ch03-1.php HTTP/1.1" 200 215
::1 - - [14/Jul/2025:11:11:54 +0700] "GET /db_ch03-1.php HTTP/1.1" 200 215
::1 - - [14/Jul/2025:11:12:01 +0700] "GET /db_ch03-1.php HTTP/1.1" 200 215
::1 - - [14/Jul/2025:11:12:02 +0700] "GET /db_ch03-1.php HTTP/1.1" 200 215
::1 - - [14/Jul/2025:11:12:02 +0700] "GET /db_ch03-1.php HTTP/1.1" 200 215
::1 - - [14/Jul/2025:11:12:03 +0700] "GET /db_ch03-1.php HTTP/1.1" 200 215
::1 - - [14/Jul/2025:11:12:03 +0700] "GET /db_ch03-1.php HTTP/1.1" 200 215
::1 - - [14/Jul/2025:11:12:03 +0700] "GET /db_ch03-1.php HTTP/1.1" 200 215
::1 - - [14/Jul/2025:11:12:03 +0700] "GET /db_ch03-1.php HTTP/1.1" 200 215
::1 - - [14/Jul/2025:11:12:30 +0700] "GET /db_ch03-1.php HTTP/1.1" 200 83667
::1 - - [14/Jul/2025:11:14:17 +0700] "GET /db_ch03-1.php HTTP/1.1" 200 83666
::1 - - [14/Jul/2025:11:20:34 +0700] "GET /db_ch03-1.php HTTP/1.1" 200 83667
::1 - - [14/Jul/2025:11:22:09 +0700] "GET /db_ch03-1.php HTTP/1.1" 200 -
::1 - - [14/Jul/2025:11:22:20 +0700] "GET /db_ch03-1.php HTTP/1.1" 200 83667
::1 - - [14/Jul/2025:11:28:32 +0700] "GET /db_ch03-1.php HTTP/1.1" 200 83667
::1 - - [14/Jul/2025:11:28:33 +0700] "GET /db_ch03-1.php HTTP/1.1" 200 83667
::1 - - [14/Jul/2025:11:28:34 +0700] "GET /db_ch03-1.php HTTP/1.1" 200 83667
::1 - - [14/Jul/2025:11:28:34 +0700] "GET /db_ch03-1.php HTTP/1.1" 200 83667
::1 - - [14/Jul/2025:11:28:34 +0700] "GET /db_ch03-1.php HTTP/1.1" 200 83667
::1 - - [14/Jul/2025:11:28:35 +0700] "GET /db_ch03-1.php HTTP/1.1" 200 83667
::1 - - [14/Jul/2025:11:28:35 +0700] "GET /db_ch03-1.php HTTP/1.1" 200 83667
::1 - - [14/Jul/2025:11:28:35 +0700] "GET /db_ch03-1.php HTTP/1.1" 200 83667
::1 - - [14/Jul/2025:11:28:35 +0700] "GET /db_ch03-1.php HTTP/1.1" 200 83667
::1 - - [14/Jul/2025:11:28:35 +0700] "GET /db_ch03-1.php HTTP/1.1" 200 83666
::1 - - [14/Jul/2025:11:28:36 +0700] "GET /db_ch03-1.php HTTP/1.1" 200 83667
::1 - - [14/Jul/2025:11:28:36 +0700] "GET /db_ch03-1.php HTTP/1.1" 200 83667
::1 - - [14/Jul/2025:11:28:36 +0700] "GET /db_ch03-1.php HTTP/1.1" 200 83667
::1 - - [14/Jul/2025:11:28:36 +0700] "GET /db_ch03-1.php HTTP/1.1" 200 83667
::1 - - [14/Jul/2025:11:28:37 +0700] "GET /db_ch03-1.php HTTP/1.1" 200 83667
::1 - - [14/Jul/2025:11:33:43 +0700] "GET /db_ch03-1.php HTTP/1.1" 200 83667
::1 - - [14/Jul/2025:11:33:45 +0700] "GET /db_ch03-1.php HTTP/1.1" 200 83667
::1 - - [14/Jul/2025:11:33:45 +0700] "GET /db_ch03-1.php HTTP/1.1" 200 83667
::1 - - [14/Jul/2025:11:33:45 +0700] "GET /db_ch03-1.php HTTP/1.1" 200 83667
::1 - - [14/Jul/2025:11:34:32 +0700] "GET /db_ch03-1.php HTTP/1.1" 200 83667
::1 - - [14/Jul/2025:11:34:34 +0700] "GET /db_ch03-1.php HTTP/1.1" 200 83667
::1 - - [14/Jul/2025:11:34:34 +0700] "GET /db_ch03-1.php HTTP/1.1" 200 83667
::1 - - [14/Jul/2025:11:35:52 +0700] "GET /db_ch03-1.php HTTP/1.1" 200 83667
::1 - - [14/Jul/2025:11:36:45 +0700] "GET /db_ch03-1.php HTTP/1.1" 200 79732
::1 - - [14/Jul/2025:11:37:10 +0700] "GET /db_ch03-1.php HTTP/1.1" 200 22
::1 - - [14/Jul/2025:14:05:00 +0700] "GET /db_ch03-1.php HTTP/1.1" 200 354
::1 - - [14/Jul/2025:14:05:06 +0700] "GET /db_ch03-1.php HTTP/1.1" 200 22
::1 - - [14/Jul/2025:14:09:11 +0700] "GET /db_ch03-1.php HTTP/1.1" 200 377
::1 - - [14/Jul/2025:14:09:57 +0700] "GET /db_ch03-1.php HTTP/1.1" 200 22
::1 - - [14/Jul/2025:14:10:17 +0700] "GET /db_ch03-1.php HTTP/1.1" 200 377
::1 - - [14/Jul/2025:14:12:23 +0700] "GET /db_ch03-1.php HTTP/1.1" 200 52
::1 - - [14/Jul/2025:14:19:40 +0700] "GET /db_ch03-1.php HTTP/1.1" 200 569
::1 - - [14/Jul/2025:14:20:32 +0700] "GET /db_ch03-1.php HTTP/1.1" 200 89
::1 - - [14/Jul/2025:14:20:46 +0700] "GET /db_ch03-1.php HTTP/1.1" 200 375
::1 - - [14/Jul/2025:14:22:58 +0700] "GET /db_ch03-1.php HTTP/1.1" 200 375
::1 - - [14/Jul/2025:14:23:09 +0700] "GET /db_ch03-1.php HTTP/1.1" 200 375
::1 - - [14/Jul/2025:14:24:24 +0700] "GET /db_ch03-1.php HTTP/1.1" 200 375
::1 - - [14/Jul/2025:14:24:40 +0700] "GET /db_ch03-1.php HTTP/1.1" 200 98
::1 - - [14/Jul/2025:14:26:02 +0700] "GET /db_ch03-1.php HTTP/1.1" 200 375
::1 - - [14/Jul/2025:14:26:34 +0700] "GET /db_ch03-1.php HTTP/1.1" 200 375
::1 - - [14/Jul/2025:14:27:07 +0700] "GET /db_ch03-1.php HTTP/1.1" 200 135
::1 - - [14/Jul/2025:14:41:45 +0700] "GET /db_ch03-1.php HTTP/1.1" 200 135
::1 - - [14/Jul/2025:14:41:51 +0700] "GET /db_ch03-2.php HTTP/1.1" 200 135
::1 - - [14/Jul/2025:14:50:12 +0700] "GET /db_ch03-1.php HTTP/1.1" 200 173
::1 - - [14/Jul/2025:14:53:51 +0700] "GET /db_ch03-2.php HTTP/1.1" 200 362
::1 - - [14/Jul/2025:14:54:22 +0700] "GET /db_ch03-2.php HTTP/1.1" 200 80
::1 - - [14/Jul/2025:15:16:31 +0700] "GET /select1.php HTTP/1.1" 200 139
::1 - - [14/Jul/2025:15:27:33 +0700] "GET /select1.php HTTP/1.1" 200 252
::1 - - [14/Jul/2025:15:28:05 +0700] "GET /select1.php HTTP/1.1" 200 139
::1 - - [14/Jul/2025:15:34:26 +0700] "GET /select1.php HTTP/1.1" 200 139
::1 - - [14/Jul/2025:15:34:37 +0700] "GET /select2.php HTTP/1.1" 200 372
::1 - - [14/Jul/2025:15:39:34 +0700] "GET /select2.php HTTP/1.1" 200 734
::1 - - [14/Jul/2025:15:40:00 +0700] "GET /select2.php HTTP/1.1" 200 163
::1 - - [14/Jul/2025:15:40:12 +0700] "GET /select1.php HTTP/1.1" 200 139
::1 - - [15/Jul/2025:12:48:33 +0700] "POST /plugin%3Aupdater%7Cdownload_and_install HTTP/1.1" 403 199
::1 - - [15/Jul/2025:16:41:53 +0700] "GET /table1.php HTTP/1.1" 200 423
::1 - - [15/Jul/2025:16:41:53 +0700] "GET /favicon.ico HTTP/1.1" 404 196
::1 - - [15/Jul/2025:16:42:03 +0700] "GET /.well-known/appspecific/com.chrome.devtools.json HTTP/1.1" 404 196
::1 - - [15/Jul/2025:16:42:21 +0700] "GET /table1.php HTTP/1.1" 200 424
::1 - - [15/Jul/2025:16:42:53 +0700] "GET /table1.php HTTP/1.1" 200 424
::1 - - [15/Jul/2025:16:46:06 +0700] "GET /table1.php HTTP/1.1" 200 426
::1 - - [15/Jul/2025:16:50:23 +0700] "GET /table1.php HTTP/1.1" 200 427
::1 - - [15/Jul/2025:16:55:53 +0700] "GET /table1.php HTTP/1.1" 200 807
::1 - - [15/Jul/2025:16:56:02 +0700] "GET /table1.php HTTP/1.1" 200 806
::1 - - [15/Jul/2025:17:11:42 +0700] "GET /table2.php HTTP/1.1" 200 1145
::1 - - [15/Jul/2025:17:20:27 +0700] "GET /table2.php HTTP/1.1" 200 1015
::1 - - [15/Jul/2025:17:22:51 +0700] "GET /table2.php HTTP/1.1" 200 392
::1 - - [15/Jul/2025:17:23:09 +0700] "GET /table2.php HTTP/1.1" 200 392
::1 - - [15/Jul/2025:17:29:42 +0700] "GET /table2.php HTTP/1.1" 200 391
::1 - - [15/Jul/2025:17:31:13 +0700] "GET /table2.php HTTP/1.1" 200 1144
::1 - - [15/Jul/2025:17:35:54 +0700] "GET /table2.php HTTP/1.1" 200 1359
::1 - - [15/Jul/2025:17:36:09 +0700] "GET /movie_details.php?movie_id=1 HTTP/1.1" 404 196
::1 - - [15/Jul/2025:17:40:26 +0700] "GET /db_ch04-1.php HTTP/1.1" 200 36
::1 - - [15/Jul/2025:17:49:36 +0700] "GET /movie_details HTTP/1.1" 404 196
::1 - - [15/Jul/2025:17:49:39 +0700] "GET /movie_details.php HTTP/1.1" 200 2751
::1 - - [15/Jul/2025:17:50:59 +0700] "GET /movie_details.php HTTP/1.1" 200 2884
::1 - - [15/Jul/2025:17:51:01 +0700] "GET /movie_details.php HTTP/1.1" 200 2884
::1 - - [15/Jul/2025:17:51:06 +0700] "GET /movie_details.php HTTP/1.1" 200 2751
::1 - - [15/Jul/2025:17:53:07 +0700] "GET /movie_details.php HTTP/1.1" 200 778
::1 - - [15/Jul/2025:17:56:45 +0700] "GET /movie_details.php?movie_id=1 HTTP/1.1" 200 1372
::1 - - [15/Jul/2025:17:56:48 +0700] "GET /movie_details.php?movie_id=3 HTTP/1.1" 200 1365
::1 - - [15/Jul/2025:17:56:52 +0700] "GET /movie_details.php?movie_id=5 HTTP/1.1" 200 1356
::1 - - [15/Jul/2025:17:56:56 +0700] "GET /movie_details.php?movie_id=2 HTTP/1.1" 200 1368
::1 - - [15/Jul/2025:17:57:00 +0700] "GET /movie_details.php?movie_id=1 HTTP/1.1" 200 1372
::1 - - [15/Jul/2025:17:57:00 +0700] "GET /movie_details.php?movie_id=3 HTTP/1.1" 200 1365
::1 - - [15/Jul/2025:17:57:01 +0700] "GET /movie_details.php?movie_id=4 HTTP/1.1" 200 1356
::1 - - [15/Jul/2025:17:57:01 +0700] "GET /movie_details.php?movie_id=5 HTTP/1.1" 200 1356
::1 - - [15/Jul/2025:17:57:02 +0700] "GET /movie_details.php?movie_id=2 HTTP/1.1" 200 1368
::1 - - [15/Jul/2025:17:57:10 +0700] "GET /movie_details.php?movie_id=3 HTTP/1.1" 200 1365
::1 - - [15/Jul/2025:17:58:57 +0700] "GET /table2.php HTTP/1.1" 200 1144
::1 - - [15/Jul/2025:17:59:10 +0700] "GET /table3.php HTTP/1.1" 404 196
::1 - - [15/Jul/2025:17:59:29 +0700] "GET /table3.php HTTP/1.1" 404 196
::1 - - [15/Jul/2025:17:59:42 +0700] "GET /movie_details.php?movie_id=3 HTTP/1.1" 200 1365
::1 - - [15/Jul/2025:17:59:44 +0700] "GET /movie_details.php?movie_id=3 HTTP/1.1" 200 1365
::1 - - [15/Jul/2025:18:00:01 +0700] "GET /table2.php HTTP/1.1" 200 1144
::1 - - [15/Jul/2025:18:00:07 +0700] "GET /table3.php HTTP/1.1" 404 196
::1 - - [15/Jul/2025:18:00:22 +0700] "GET /table3.php HTTP/1.1" 200 1359
::1 - - [15/Jul/2025:18:00:23 +0700] "GET /movie_details.php?movie_id=1 HTTP/1.1" 200 1372
::1 - - [15/Jul/2025:18:01:35 +0700] "GET /movie_details.php?movie_id=1 HTTP/1.1" 200 1372
::1 - - [15/Jul/2025:18:01:35 +0700] "GET /movie_details.php?movie_id=3 HTTP/1.1" 200 1365
::1 - - [15/Jul/2025:18:01:36 +0700] "GET /movie_details.php?movie_id=4 HTTP/1.1" 200 1356
::1 - - [15/Jul/2025:18:01:36 +0700] "GET /movie_details.php?movie_id=5 HTTP/1.1" 200 1356
::1 - - [15/Jul/2025:18:01:36 +0700] "GET /movie_details.php?movie_id=2 HTTP/1.1" 200 1368
::1 - - [15/Jul/2025:18:05:16 +0700] "GET /movie_details.php?movie_id=1 HTTP/1.1" 200 1372
::1 - - [15/Jul/2025:18:11:56 +0700] "GET /db_ch04-2.php HTTP/1.1" 200 36
::1 - - [15/Jul/2025:18:19:33 +0700] "GET /movie_details.php?movie_id=1 HTTP/1.1" 200 2954
::1 - - [15/Jul/2025:18:19:33 +0700] "GET /star.png HTTP/1.1" 404 196
::1 - - [15/Jul/2025:18:19:34 +0700] "GET /star.png HTTP/1.1" 404 196
::1 - - [15/Jul/2025:18:20:28 +0700] "GET /movie_details.php?movie_id=1 HTTP/1.1" 200 2954
::1 - - [15/Jul/2025:18:20:28 +0700] "GET /star.png HTTP/1.1" 404 196
::1 - - [15/Jul/2025:18:20:28 +0700] "GET /star.png HTTP/1.1" 404 196
::1 - - [15/Jul/2025:18:22:29 +0700] "GET /movie_details.php?movie_id=1 HTTP/1.1" 200 3218
::1 - - [15/Jul/2025:18:22:31 +0700] "GET /movie_details.php?movie_id=1 HTTP/1.1" 200 3218
::1 - - [15/Jul/2025:18:22:31 +0700] "GET /movie_details.php?movie_id=1 HTTP/1.1" 200 3218
::1 - - [15/Jul/2025:18:22:31 +0700] "GET /movie_details.php?movie_id=1 HTTP/1.1" 200 3218
::1 - - [15/Jul/2025:18:22:31 +0700] "GET /movie_details.php?movie_id=1 HTTP/1.1" 200 3218
::1 - - [15/Jul/2025:18:22:31 +0700] "GET /movie_details.php?movie_id=1 HTTP/1.1" 200 3218
::1 - - [15/Jul/2025:18:22:32 +0700] "GET /movie_details.php?movie_id=1 HTTP/1.1" 200 3218
::1 - - [15/Jul/2025:18:22:32 +0700] "GET /movie_details.php?movie_id=1 HTTP/1.1" 200 3218
::1 - - [15/Jul/2025:18:22:32 +0700] "GET /movie_details.php?movie_id=1 HTTP/1.1" 200 3218
::1 - - [15/Jul/2025:18:22:32 +0700] "GET /movie_details.php?movie_id=1 HTTP/1.1" 200 3218
::1 - - [15/Jul/2025:18:22:32 +0700] "GET /movie_details.php?movie_id=1 HTTP/1.1" 200 3218
::1 - - [15/Jul/2025:18:22:32 +0700] "GET /movie_details.php?movie_id=1 HTTP/1.1" 200 3218
::1 - - [15/Jul/2025:18:22:33 +0700] "GET /movie_details.php?movie_id=1 HTTP/1.1" 200 3218
::1 - - [15/Jul/2025:18:22:34 +0700] "GET /movie_details.php?movie_id=1 HTTP/1.1" 200 3218
::1 - - [15/Jul/2025:18:22:34 +0700] "GET /movie_details.php?movie_id=1 HTTP/1.1" 200 3218
::1 - - [15/Jul/2025:18:22:34 +0700] "GET /movie_details.php?movie_id=1 HTTP/1.1" 200 3218
::1 - - [15/Jul/2025:18:22:34 +0700] "GET /movie_details.php?movie_id=1 HTTP/1.1" 200 3218
::1 - - [15/Jul/2025:18:22:34 +0700] "GET /movie_details.php?movie_id=1 HTTP/1.1" 200 3218
::1 - - [15/Jul/2025:18:22:34 +0700] "GET /movie_details.php?movie_id=1 HTTP/1.1" 200 3218
::1 - - [15/Jul/2025:18:22:35 +0700] "GET /movie_details.php?movie_id=1 HTTP/1.1" 200 3218
::1 - - [15/Jul/2025:18:22:35 +0700] "GET /movie_details.php?movie_id=1 HTTP/1.1" 200 3218
::1 - - [15/Jul/2025:18:22:35 +0700] "GET /movie_details.php?movie_id=1 HTTP/1.1" 200 3218
::1 - - [15/Jul/2025:18:22:35 +0700] "GET /movie_details.php?movie_id=1 HTTP/1.1" 200 3218
::1 - - [15/Jul/2025:18:22:35 +0700] "GET /movie_details.php?movie_id=1 HTTP/1.1" 200 3218
::1 - - [15/Jul/2025:18:23:03 +0700] "GET /movie_details.php?movie_id=1 HTTP/1.1" 200 3218
::1 - - [15/Jul/2025:18:23:04 +0700] "GET /movie_details.php?movie_id=1 HTTP/1.1" 200 3218
::1 - - [15/Jul/2025:18:23:04 +0700] "GET /movie_details.php?movie_id=1 HTTP/1.1" 200 3218
::1 - - [15/Jul/2025:18:23:04 +0700] "GET /movie_details.php?movie_id=1 HTTP/1.1" 200 3218
::1 - - [15/Jul/2025:18:23:04 +0700] "GET /movie_details.php?movie_id=1 HTTP/1.1" 200 3218
::1 - - [15/Jul/2025:18:23:04 +0700] "GET /movie_details.php?movie_id=1 HTTP/1.1" 200 3218
::1 - - [15/Jul/2025:18:23:04 +0700] "GET /movie_details.php?movie_id=1 HTTP/1.1" 200 3218
::1 - - [15/Jul/2025:18:23:05 +0700] "GET /movie_details.php?movie_id=1 HTTP/1.1" 200 3218
::1 - - [15/Jul/2025:18:23:05 +0700] "GET /movie_details.php?movie_id=1 HTTP/1.1" 200 3218
::1 - - [15/Jul/2025:18:23:05 +0700] "GET /movie_details.php?movie_id=1 HTTP/1.1" 200 3218
::1 - - [15/Jul/2025:18:23:05 +0700] "GET /movie_details.php?movie_id=1 HTTP/1.1" 200 3218
::1 - - [15/Jul/2025:18:23:05 +0700] "GET /movie_details.php?movie_id=1 HTTP/1.1" 200 3218
::1 - - [15/Jul/2025:18:23:05 +0700] "GET /movie_details.php?movie_id=1 HTTP/1.1" 200 3218
::1 - - [15/Jul/2025:18:23:06 +0700] "GET /movie_details.php?movie_id=1 HTTP/1.1" 200 3218
::1 - - [15/Jul/2025:18:23:06 +0700] "GET /movie_details.php?movie_id=1 HTTP/1.1" 200 3218
::1 - - [15/Jul/2025:18:23:06 +0700] "GET /movie_details.php?movie_id=1 HTTP/1.1" 200 3218
::1 - - [15/Jul/2025:18:23:06 +0700] "GET /movie_details.php?movie_id=1 HTTP/1.1" 200 3218
::1 - - [15/Jul/2025:18:23:06 +0700] "GET /movie_details.php?movie_id=1 HTTP/1.1" 200 3218
::1 - - [15/Jul/2025:18:24:48 +0700] "GET /movie_details.php?movie_id=1 HTTP/1.1" 200 2954
::1 - - [15/Jul/2025:18:24:48 +0700] "GET /star.jpg HTTP/1.1" 404 196
::1 - - [15/Jul/2025:18:24:48 +0700] "GET /star.jpg HTTP/1.1" 404 196
::1 - - [15/Jul/2025:18:26:01 +0700] "GET /star.jpg HTTP/1.1" 404 196
::1 - - [15/Jul/2025:18:26:27 +0700] "GET /.well-known/appspecific/com.chrome.devtools.json HTTP/1.1" 404 196
::1 - - [15/Jul/2025:18:26:56 +0700] "GET /.well-known/appspecific/com.chrome.devtools.json HTTP/1.1" 404 196
::1 - - [15/Jul/2025:18:27:42 +0700] "GET /movie_details.php?movie_id=1 HTTP/1.1" 200 2965
::1 - - [15/Jul/2025:18:27:42 +0700] "GET /star.jpg HTTP/1.1" 404 196
::1 - - [15/Jul/2025:18:27:42 +0700] "GET /star.jpg HTTP/1.1" 404 196
::1 - - [15/Jul/2025:18:27:46 +0700] "GET /movie_details.php?movie_id=1 HTTP/1.1" 200 2976
::1 - - [15/Jul/2025:18:27:46 +0700] "GET /star.jpg HTTP/1.1" 404 196
::1 - - [15/Jul/2025:18:27:46 +0700] "GET /star.jpg HTTP/1.1" 404 196
::1 - - [15/Jul/2025:18:29:27 +0700] "GET /movie_details.php?movie_id=1 HTTP/1.1" 200 2976
::1 - - [15/Jul/2025:18:29:27 +0700] "GET /star.jpg HTTP/1.1" 404 196
::1 - - [15/Jul/2025:18:29:28 +0700] "GET /star.jpg HTTP/1.1" 404 196
::1 - - [15/Jul/2025:18:29:29 +0700] "GET /movie_details.php?movie_id=1 HTTP/1.1" 200 2976
::1 - - [15/Jul/2025:18:29:29 +0700] "GET /star.jpg HTTP/1.1" 404 196
::1 - - [15/Jul/2025:18:29:29 +0700] "GET /star.jpg HTTP/1.1" 404 196
::1 - - [15/Jul/2025:18:29:30 +0700] "GET /movie_details.php?movie_id=1 HTTP/1.1" 200 2976
::1 - - [15/Jul/2025:18:29:30 +0700] "GET /star.jpg HTTP/1.1" 404 196
::1 - - [15/Jul/2025:18:29:31 +0700] "GET /star.jpg HTTP/1.1" 404 196
::1 - - [15/Jul/2025:18:29:31 +0700] "GET /movie_details.php?movie_id=1 HTTP/1.1" 200 2976
::1 - - [15/Jul/2025:18:29:31 +0700] "GET /star.jpg HTTP/1.1" 404 196
::1 - - [15/Jul/2025:18:29:31 +0700] "GET /star.jpg HTTP/1.1" 404 196
::1 - - [15/Jul/2025:18:29:31 +0700] "GET /movie_details.php?movie_id=1 HTTP/1.1" 200 2976
::1 - - [15/Jul/2025:18:29:31 +0700] "GET /star.jpg HTTP/1.1" 404 196
::1 - - [15/Jul/2025:18:29:31 +0700] "GET /star.jpg HTTP/1.1" 404 196
::1 - - [15/Jul/2025:18:29:31 +0700] "GET /movie_details.php?movie_id=1 HTTP/1.1" 200 2976
::1 - - [15/Jul/2025:18:29:31 +0700] "GET /star.jpg HTTP/1.1" 404 196
::1 - - [15/Jul/2025:18:29:31 +0700] "GET /star.jpg HTTP/1.1" 404 196
::1 - - [15/Jul/2025:18:29:47 +0700] "GET /start.jpg HTTP/1.1" 200 34623
::1 - - [15/Jul/2025:18:29:58 +0700] "GET /movie_details.php?movie_id=1 HTTP/1.1" 200 2954
::1 - - [15/Jul/2025:18:29:58 +0700] "GET /star.jpg HTTP/1.1" 404 196
::1 - - [15/Jul/2025:18:29:58 +0700] "GET /star.jpg HTTP/1.1" 404 196
::1 - - [15/Jul/2025:18:30:00 +0700] "GET /movie_details.php?movie_id=3 HTTP/1.1" 200 2122
::1 - - [15/Jul/2025:18:30:00 +0700] "GET /star.jpg HTTP/1.1" 404 196
::1 - - [15/Jul/2025:18:30:00 +0700] "GET /star.jpg HTTP/1.1" 404 196
::1 - - [15/Jul/2025:18:30:02 +0700] "GET /movie_details.php?movie_id=5 HTTP/1.1" 200 1671
::1 - - [15/Jul/2025:18:30:04 +0700] "GET /movie_details.php?movie_id=2 HTTP/1.1" 200 2188
::1 - - [15/Jul/2025:18:30:04 +0700] "GET /star.jpg HTTP/1.1" 404 196
::1 - - [15/Jul/2025:18:30:04 +0700] "GET /star.jpg HTTP/1.1" 404 196
::1 - - [15/Jul/2025:18:30:05 +0700] "GET /movie_details.php?movie_id=1 HTTP/1.1" 200 2954
::1 - - [15/Jul/2025:18:30:05 +0700] "GET /star.jpg HTTP/1.1" 404 196
::1 - - [15/Jul/2025:18:30:05 +0700] "GET /star.jpg HTTP/1.1" 404 196
::1 - - [15/Jul/2025:18:30:30 +0700] "GET /movie_details.php?movie_id=1 HTTP/1.1" 200 2965
::1 - - [15/Jul/2025:18:31:02 +0700] "GET /movie_details.php?movie_id=1 HTTP/1.1" 200 3416
::1 - - [15/Jul/2025:18:31:09 +0700] "GET /movie_details.php?movie_id=1 HTTP/1.1" 200 3416
::1 - - [15/Jul/2025:18:31:17 +0700] "GET /movie_details.php?movie_id=1 HTTP/1.1" 200 3416
::1 - - [16/Jul/2025:13:29:24 +0700] "POST /plugin%3Awindow%7Cdestroy HTTP/1.1" 403 199
::1 - - [16/Jul/2025:14:05:50 +0700] "GET /form1.php HTTP/1.1" 200 574
::1 - - [16/Jul/2025:14:05:51 +0700] "GET /favicon.ico HTTP/1.1" 404 196
::1 - - [16/Jul/2025:14:09:25 +0700] "GET /form1.php HTTP/1.1" 200 574
::1 - - [16/Jul/2025:14:10:04 +0700] "POST /formprocess1.php HTTP/1.1" 200 266
::1 - - [16/Jul/2025:14:11:07 +0700] "POST /formprocess1.php HTTP/1.1" 200 267
::1 - - [16/Jul/2025:14:19:05 +0700] "GET /formprocess3.php HTTP/1.1" 404 196
::1 - - [16/Jul/2025:14:19:10 +0700] "GET /form2 HTTP/1.1" 404 196
::1 - - [16/Jul/2025:14:19:15 +0700] "GET /form2.php HTTP/1.1" 200 1001
::1 - - [16/Jul/2025:14:24:30 +0700] "POST /formprocess2.php HTTP/1.1" 200 139
::1 - - [16/Jul/2025:14:24:35 +0700] "POST /formprocess2.php HTTP/1.1" 200 267
::1 - - [16/Jul/2025:14:34:47 +0700] "GET /form3.php HTTP/1.1" 200 1709
::1 - - [16/Jul/2025:14:38:25 +0700] "POST /formprocess3.php HTTP/1.1" 200 280
::1 - - [16/Jul/2025:14:38:40 +0700] "POST /formprocess3.php HTTP/1.1" 200 293
::1 - - [16/Jul/2025:14:38:42 +0700] "POST /formprocess3.php HTTP/1.1" 200 293
::1 - - [16/Jul/2025:14:38:46 +0700] "POST /formprocess3.php HTTP/1.1" 200 286
::1 - - [16/Jul/2025:14:39:19 +0700] "POST /formprocess3.php HTTP/1.1" 200 295
::1 - - [16/Jul/2025:14:44:24 +0700] "POST /formprocess3.php HTTP/1.1" 200 295
::1 - - [16/Jul/2025:14:44:28 +0700] "POST /formprocess3.php HTTP/1.1" 200 293
::1 - - [16/Jul/2025:14:44:33 +0700] "POST /formprocess3.php HTTP/1.1" 200 293
::1 - - [16/Jul/2025:14:44:40 +0700] "POST /formprocess3.php HTTP/1.1" 200 286
::1 - - [16/Jul/2025:14:48:41 +0700] "POST /formprocess3.php HTTP/1.1" 200 288
::1 - - [16/Jul/2025:14:48:44 +0700] "POST /formprocess3.php HTTP/1.1" 200 288
::1 - - [16/Jul/2025:14:48:45 +0700] "GET /form3.php HTTP/1.1" 200 1709
::1 - - [16/Jul/2025:14:48:46 +0700] "POST /formprocess3.php HTTP/1.1" 302 2
::1 - - [16/Jul/2025:14:48:46 +0700] "GET /form3.php HTTP/1.1" 200 1709
::1 - - [16/Jul/2025:14:48:48 +0700] "POST /formprocess3.php HTTP/1.1" 302 2
::1 - - [16/Jul/2025:14:48:48 +0700] "GET /form3.php HTTP/1.1" 200 1709
::1 - - [16/Jul/2025:14:48:52 +0700] "POST /formprocess3.php HTTP/1.1" 302 2
::1 - - [16/Jul/2025:14:48:52 +0700] "GET /form3.php HTTP/1.1" 200 1709
::1 - - [16/Jul/2025:14:48:55 +0700] "POST /formprocess3.php HTTP/1.1" 302 2
::1 - - [16/Jul/2025:14:48:55 +0700] "GET /form3.php HTTP/1.1" 200 1709
::1 - - [16/Jul/2025:14:48:57 +0700] "POST /formprocess3.php HTTP/1.1" 302 2
::1 - - [16/Jul/2025:14:48:57 +0700] "GET /form3.php HTTP/1.1" 200 1709
::1 - - [16/Jul/2025:14:49:05 +0700] "POST /formprocess3.php HTTP/1.1" 302 -
::1 - - [16/Jul/2025:14:49:05 +0700] "GET /form3.php HTTP/1.1" 200 1709
::1 - - [16/Jul/2025:14:49:07 +0700] "POST /formprocess3.php HTTP/1.1" 302 -
::1 - - [16/Jul/2025:14:49:07 +0700] "GET /form3.php HTTP/1.1" 200 1709
::1 - - [16/Jul/2025:14:49:08 +0700] "POST /formprocess3.php HTTP/1.1" 302 -
::1 - - [16/Jul/2025:14:49:08 +0700] "GET /form3.php HTTP/1.1" 200 1709
::1 - - [16/Jul/2025:14:49:09 +0700] "POST /formprocess3.php HTTP/1.1" 302 -
::1 - - [16/Jul/2025:14:49:09 +0700] "GET /form3.php HTTP/1.1" 200 1709
::1 - - [16/Jul/2025:14:49:12 +0700] "POST /formprocess3.php HTTP/1.1" 302 -
::1 - - [16/Jul/2025:14:49:12 +0700] "GET /form3.php HTTP/1.1" 200 1709
::1 - - [16/Jul/2025:14:49:14 +0700] "POST /formprocess3.php HTTP/1.1" 302 -
::1 - - [16/Jul/2025:14:49:14 +0700] "GET /form3.php HTTP/1.1" 200 1709
::1 - - [16/Jul/2025:14:49:15 +0700] "POST /formprocess3.php HTTP/1.1" 302 -
::1 - - [16/Jul/2025:14:49:15 +0700] "GET /form3.php HTTP/1.1" 200 1709
::1 - - [16/Jul/2025:14:49:16 +0700] "POST /formprocess3.php HTTP/1.1" 302 -
::1 - - [16/Jul/2025:14:49:16 +0700] "GET /form3.php HTTP/1.1" 200 1709
::1 - - [16/Jul/2025:14:49:17 +0700] "POST /formprocess3.php HTTP/1.1" 302 -
::1 - - [16/Jul/2025:14:49:17 +0700] "GET /form3.php HTTP/1.1" 200 1709
::1 - - [16/Jul/2025:14:49:19 +0700] "POST /formprocess3.php HTTP/1.1" 302 -
::1 - - [16/Jul/2025:14:49:19 +0700] "GET /form3.php HTTP/1.1" 200 1709
::1 - - [16/Jul/2025:14:49:21 +0700] "POST /formprocess3.php HTTP/1.1" 302 -
::1 - - [16/Jul/2025:14:49:21 +0700] "GET /form3.php HTTP/1.1" 200 1709
::1 - - [16/Jul/2025:14:49:24 +0700] "POST /formprocess3.php HTTP/1.1" 200 287
::1 - - [16/Jul/2025:14:55:58 +0700] "GET /form4.php HTTP/1.1" 200 1952
::1 - - [16/Jul/2025:14:57:19 +0700] "POST /form4a.php HTTP/1.1" 200 1442
::1 - - [16/Jul/2025:14:58:21 +0700] "POST /form4b.php HTTP/1.1" 200 485
::1 - - [16/Jul/2025:14:58:38 +0700] "GET /form4.php HTTP/1.1" 200 1952
::1 - - [16/Jul/2025:14:58:44 +0700] "POST /form4a.php HTTP/1.1" 200 367
::1 - - [16/Jul/2025:22:26:06 +0700] "POST &uk=4398745559027&cfg=p2p_switch_param HTTP/1.1" 400 226
::1 - - [16/Jul/2025:22:26:11 +0700] "POST &uk=4398745559027&cfg=p2p_switch_param HTTP/1.1" 400 226
::1 - - [16/Jul/2025:22:26:16 +0700] "POST &uk=4398745559027&cfg=p2p_switch_param HTTP/1.1" 400 226
::1 - - [16/Jul/2025:22:26:21 +0700] "POST &uk=4398745559027&cfg=p2p_switch_param HTTP/1.1" 400 226
::1 - - [16/Jul/2025:23:26:11 +0700] "POST &uk=4398745559027&cfg=p2p_switch_param HTTP/1.1" 400 226
::1 - - [16/Jul/2025:23:26:16 +0700] "POST &uk=4398745559027&cfg=p2p_switch_param HTTP/1.1" 400 226
::1 - - [16/Jul/2025:23:26:21 +0700] "POST &uk=4398745559027&cfg=p2p_switch_param HTTP/1.1" 400 226
::1 - - [16/Jul/2025:23:26:26 +0700] "POST &uk=4398745559027&cfg=p2p_switch_param HTTP/1.1" 400 226
::1 - - [17/Jul/2025:00:26:17 +0700] "POST &uk=4398745559027&cfg=p2p_switch_param HTTP/1.1" 400 226
::1 - - [17/Jul/2025:00:26:22 +0700] "POST &uk=4398745559027&cfg=p2p_switch_param HTTP/1.1" 400 226
::1 - - [17/Jul/2025:00:26:27 +0700] "POST &uk=4398745559027&cfg=p2p_switch_param HTTP/1.1" 400 226
::1 - - [17/Jul/2025:00:26:32 +0700] "POST &uk=4398745559027&cfg=p2p_switch_param HTTP/1.1" 400 226
::1 - - [17/Jul/2025:01:26:22 +0700] "POST &uk=4398745559027&cfg=p2p_switch_param HTTP/1.1" 400 226
::1 - - [17/Jul/2025:01:26:27 +0700] "POST &uk=4398745559027&cfg=p2p_switch_param HTTP/1.1" 400 226
::1 - - [17/Jul/2025:01:26:32 +0700] "POST &uk=4398745559027&cfg=p2p_switch_param HTTP/1.1" 400 226
::1 - - [17/Jul/2025:01:26:37 +0700] "POST &uk=4398745559027&cfg=p2p_switch_param HTTP/1.1" 400 226
::1 - - [17/Jul/2025:02:26:28 +0700] "POST &uk=4398745559027&cfg=p2p_switch_param HTTP/1.1" 400 226
::1 - - [17/Jul/2025:02:26:33 +0700] "POST &uk=4398745559027&cfg=p2p_switch_param HTTP/1.1" 400 226
::1 - - [17/Jul/2025:02:26:38 +0700] "POST &uk=4398745559027&cfg=p2p_switch_param HTTP/1.1" 400 226
::1 - - [17/Jul/2025:02:26:43 +0700] "POST &uk=4398745559027&cfg=p2p_switch_param HTTP/1.1" 400 226
::1 - - [17/Jul/2025:03:26:33 +0700] "POST &uk=4398745559027&cfg=p2p_switch_param HTTP/1.1" 400 226
::1 - - [17/Jul/2025:03:26:38 +0700] "POST &uk=4398745559027&cfg=p2p_switch_param HTTP/1.1" 400 226
::1 - - [17/Jul/2025:03:26:43 +0700] "POST &uk=4398745559027&cfg=p2p_switch_param HTTP/1.1" 400 226
::1 - - [17/Jul/2025:03:26:48 +0700] "POST &uk=4398745559027&cfg=p2p_switch_param HTTP/1.1" 400 226
::1 - - [17/Jul/2025:16:33:40 +0700] "GET /admin.php HTTP/1.1" 200 2366
::1 - - [17/Jul/2025:16:33:41 +0700] "GET /favicon.ico HTTP/1.1" 404 196
::1 - - [17/Jul/2025:16:34:01 +0700] "GET /admin.php HTTP/1.1" 200 2386
::1 - - [17/Jul/2025:16:35:47 +0700] "GET /movie.php?action=edit&id=1 HTTP/1.1" 200 183
::1 - - [17/Jul/2025:16:35:51 +0700] "GET /firstprog.php?id=1234&lang=en&rate=2&favmovie=Life%20of%20bin HTTP/1.1" 200 174
::1 - - [17/Jul/2025:16:35:54 +0700] "GET /movie.php?type=movie&id=4 HTTP/1.1" 200 183
::1 - - [17/Jul/2025:16:35:57 +0700] "GET /movie.php?action=edit&id=4 HTTP/1.1" 200 183
::1 - - [17/Jul/2025:16:47:32 +0700] "GET /movie.php?action=edit&id=1 HTTP/1.1" 200 770
::1 - - [17/Jul/2025:16:47:42 +0700] "GET /movie.php?action=edit&id=1 HTTP/1.1" 200 1743
::1 - - [17/Jul/2025:16:49:45 +0700] "GET /movie.php?action=edit&id=1 HTTP/1.1" 200 960
::1 - - [17/Jul/2025:16:49:47 +0700] "GET /movie.php?action=edit&id=1 HTTP/1.1" 200 960
::1 - - [17/Jul/2025:16:53:59 +0700] "GET /movie.php?action=edit&id=1 HTTP/1.1" 200 1248
::1 - - [17/Jul/2025:16:54:28 +0700] "GET /movie.php?action=edit&id=1 HTTP/1.1" 200 13281213
::1 - - [17/Jul/2025:16:54:42 +0700] "GET /admon.php HTTP/1.1" 404 196
::1 - - [17/Jul/2025:16:54:46 +0700] "GET /admin.php HTTP/1.1" 200 2386
::1 - - [17/Jul/2025:16:55:02 +0700] "GET /movie.php?action=edit&id=1 HTTP/1.1" 200 3118
::1 - - [17/Jul/2025:16:55:03 +0700] "GET /movie.php?action=edit&id=1 HTTP/1.1" 200 3118
::1 - - [17/Jul/2025:16:54:47 +0700] "GET /movie.php?action=edit&id=1 HTTP/1.1" 200 19215597
::1 - - [17/Jul/2025:16:55:05 +0700] "GET /movie.php?action=edit&id=1 HTTP/1.1" 200 3118
::1 - - [17/Jul/2025:16:55:55 +0700] "GET /movie.php?action=edit&id=1 HTTP/1.1" 200 3127
::1 - - [17/Jul/2025:16:56:12 +0700] "GET /movie.php?action=edit&id=1 HTTP/1.1" 200 3127
::1 - - [17/Jul/2025:16:56:20 +0700] "GET /movie.php?action=edit&id=1 HTTP/1.1" 200 3118
::1 - - [17/Jul/2025:16:56:35 +0700] "GET /movie.php?action=edit&id=1 HTTP/1.1" 200 3118
::1 - - [17/Jul/2025:17:00:27 +0700] "GET /movie.php?action=edit&id=1 HTTP/1.1" 200 3493
::1 - - [17/Jul/2025:17:02:32 +0700] "GET /movie.php?action=edit&id=1 HTTP/1.1" 200 3866
::1 - - [17/Jul/2025:17:03:40 +0700] "GET /movie.php?action=edit&id=1 HTTP/1.1" 200 3984
::1 - - [17/Jul/2025:17:03:53 +0700] "GET /movie.php?action=edit&id=1 HTTP/1.1" 200 3981
::1 - - [17/Jul/2025:17:04:20 +0700] "GET /.well-known/appspecific/com.chrome.devtools.json HTTP/1.1" 404 196
::1 - - [17/Jul/2025:17:04:54 +0700] "GET /movie.php?action=edit&id=1 HTTP/1.1" 200 4038
::1 - - [17/Jul/2025:17:04:54 +0700] "GET /.well-known/appspecific/com.chrome.devtools.json HTTP/1.1" 404 196
::1 - - [17/Jul/2025:17:09:06 +0700] "GET /admin.php HTTP/1.1" 200 2386
::1 - - [17/Jul/2025:17:09:47 +0700] "GET /movie.php?action=add HTTP/1.1" 200 4038
::1 - - [17/Jul/2025:17:10:42 +0700] "POST /commit.php?action=add&type=movie HTTP/1.1" 200 94
::1 - - [17/Jul/2025:17:10:51 +0700] "GET /admin.php HTTP/1.1" 200 2560
::1 - - [17/Jul/2025:17:10:54 +0700] "GET /movie.php?action=edit&id=6 HTTP/1.1" 200 4038
::1 - - [17/Jul/2025:18:02:17 +0700] "GET /favicon.ico HTTP/1.1" 404 196
::1 - - [17/Jul/2025:18:03:06 +0700] "GET /movie.php?action=edit&id=1 HTTP/1.1" 200 4038
::1 - - [17/Jul/2025:18:03:08 +0700] "GET /movie.php?action=add HTTP/1.1" 200 4038
::1 - - [17/Jul/2025:18:03:09 +0700] "GET /people.php?action=add HTTP/1.1" 404 196
::1 - - [17/Jul/2025:18:03:10 +0700] "GET /movie.php?type=movie&id=4 HTTP/1.1" 200 4038
::1 - - [17/Jul/2025:18:12:53 +0700] "GET /admin.php HTTP/1.1" 200 2481
::1 - - [17/Jul/2025:18:12:55 +0700] "GET /movie.php?action=delete&id=1 HTTP/1.1" 302 -
::1 - - [17/Jul/2025:18:12:55 +0700] "GET /delete.php?id=1 HTTP/1.1" 200 38
::1 - - [17/Jul/2025:18:13:02 +0700] "GET /movie.php?action=delete&id=4 HTTP/1.1" 302 -
::1 - - [17/Jul/2025:18:13:02 +0700] "GET /delete.php?id=4 HTTP/1.1" 200 38
::1 - - [17/Jul/2025:18:13:04 +0700] "GET /admin.php HTTP/1.1" 200 2126
::1 - - [17/Jul/2025:18:13:11 +0700] "GET /movie.php?action=delete&id=3 HTTP/1.1" 302 -
::1 - - [17/Jul/2025:18:13:11 +0700] "GET /delete.php?id=3 HTTP/1.1" 200 38
::1 - - [17/Jul/2025:18:13:15 +0700] "GET /admin.php HTTP/1.1" 200 1951
::1 - - [17/Jul/2025:18:13:20 +0700] "GET /movie.php?action=add&type=movie HTTP/1.1" 200 4038
::1 - - [17/Jul/2025:18:13:24 +0700] "POST /commit.php?action=add&type=movie HTTP/1.1" 200 94
::1 - - [17/Jul/2025:18:13:37 +0700] "GET /admin.php HTTP/1.1" 200 2125
::1 - - [17/Jul/2025:18:13:40 +0700] "GET /admin.php HTTP/1.1" 200 2125
::1 - - [17/Jul/2025:18:14:33 +0700] "GET /movie.php?action=delete&id=7 HTTP/1.1" 302 -
::1 - - [17/Jul/2025:18:14:33 +0700] "GET /delete.php?id=7 HTTP/1.1" 200 83
::1 - - [17/Jul/2025:18:14:34 +0700] "GET /admin.php HTTP/1.1" 200 1951
::1 - - [17/Jul/2025:18:14:43 +0700] "GET /admin.php HTTP/1.1" 200 1951
::1 - - [17/Jul/2025:18:14:44 +0700] "GET /admin.php HTTP/1.1" 200 1951
::1 - - [17/Jul/2025:18:14:44 +0700] "GET /movie.php?action=delete&id=6 HTTP/1.1" 302 -
::1 - - [17/Jul/2025:18:14:44 +0700] "GET /delete.php?id=6 HTTP/1.1" 200 88
::1 - - [17/Jul/2025:18:14:46 +0700] "GET /admin.php HTTP/1.1" 200 1774
::1 - - [17/Jul/2025:18:14:50 +0700] "GET /movie.php?action=add&type=movie HTTP/1.1" 200 4038
::1 - - [17/Jul/2025:18:14:55 +0700] "POST /commit.php?action=add&type=movie HTTP/1.1" 200 94
::1 - - [17/Jul/2025:18:15:04 +0700] "GET /admin.php HTTP/1.1" 200 1948
::1 - - [17/Jul/2025:18:15:49 +0700] "GET /movie.php?action=add&type=movie HTTP/1.1" 200 4038
::1 - - [17/Jul/2025:18:15:52 +0700] "POST /commit.php?action=add&type=movie HTTP/1.1" 200 94
::1 - - [17/Jul/2025:18:16:14 +0700] "POST /commit.php?action=add&type=movie HTTP/1.1" 200 144
::1 - - [17/Jul/2025:18:16:15 +0700] "GET /admin.php HTTP/1.1" 200 2293
::1 - - [17/Jul/2025:18:16:17 +0700] "GET /movie.php?action=delete&id=10 HTTP/1.1" 302 -
::1 - - [17/Jul/2025:18:16:17 +0700] "GET /delete.php?id=10 HTTP/1.1" 200 88
::1 - - [17/Jul/2025:18:16:18 +0700] "GET /admin.php HTTP/1.1" 200 2119
::1 - - [17/Jul/2025:18:16:20 +0700] "GET /movie.php?action=delete&id=8 HTTP/1.1" 302 -
::1 - - [17/Jul/2025:18:16:20 +0700] "GET /delete.php?id=8 HTTP/1.1" 200 88
::1 - - [17/Jul/2025:18:16:21 +0700] "GET /admin.php HTTP/1.1" 200 1946
::1 - - [17/Jul/2025:18:16:23 +0700] "GET /movie.php?action=add&type=movie HTTP/1.1" 200 4038
::1 - - [17/Jul/2025:18:16:30 +0700] "POST /commit.php?action=add&type=movie HTTP/1.1" 200 144
::1 - - [17/Jul/2025:18:16:30 +0700] "GET /admin.php HTTP/1.1" 200 2125
::1 - - [17/Jul/2025:18:16:33 +0700] "GET /movie.php?action=add&type=movie HTTP/1.1" 200 4038
::1 - - [17/Jul/2025:18:16:37 +0700] "POST /commit.php?action=add&type=movie HTTP/1.1" 200 144
::1 - - [17/Jul/2025:18:16:37 +0700] "GET /admin.php HTTP/1.1" 200 2296
::1 - - [17/Jul/2025:18:16:40 +0700] "GET /movie.php?action=delete&id=9 HTTP/1.1" 302 -
::1 - - [17/Jul/2025:18:16:40 +0700] "GET /delete.php?id=9 HTTP/1.1" 200 88
::1 - - [17/Jul/2025:18:16:42 +0700] "GET /admin.php HTTP/1.1" 200 2124
::1 - - [17/Jul/2025:18:16:45 +0700] "GET /movie.php?action=edit&id=2 HTTP/1.1" 200 4038
::1 - - [17/Jul/2025:18:17:15 +0700] "GET /favicon.ico HTTP/1.1" 404 196
::1 - - [17/Jul/2025:18:50:36 +0700] "GET /admin.php HTTP/1.1" 200 2124
::1 - - [17/Jul/2025:18:50:37 +0700] "GET /movie.php?action=edit&id=2 HTTP/1.1" 200 4038
::1 - - [17/Jul/2025:18:50:42 +0700] "GET /movie.php?action=edit&id=11 HTTP/1.1" 200 4038
::1 - - [17/Jul/2025:18:50:44 +0700] "GET /movie.php?action=edit&id=12 HTTP/1.1" 200 4038
::1 - - [17/Jul/2025:18:50:46 +0700] "GET /movie.php?action=edit&id=2 HTTP/1.1" 200 4038
::1 - - [17/Jul/2025:18:50:48 +0700] "GET /movie.php?action=edit&id=12 HTTP/1.1" 200 4038
::1 - - [17/Jul/2025:18:59:02 +0700] "GET /admin.php HTTP/1.1" 200 2124
::1 - - [17/Jul/2025:18:59:03 +0700] "GET /movie.php?action=edit&id=12 HTTP/1.1" 200 12813
::1 - - [17/Jul/2025:18:59:05 +0700] "GET /movie.php?action=edit&id=11 HTTP/1.1" 200 12813
::1 - - [17/Jul/2025:18:59:08 +0700] "GET /movie.php?action=edit&id=2 HTTP/1.1" 200 12813
::1 - - [17/Jul/2025:18:59:35 +0700] "GET /movie.php?action=edit&id=12 HTTP/1.1" 200 12813
::1 - - [17/Jul/2025:18:59:36 +0700] "GET /movie.php?action=edit&id=2 HTTP/1.1" 200 12813
::1 - - [17/Jul/2025:18:59:37 +0700] "GET /movie.php?action=edit&id=11 HTTP/1.1" 200 12813
::1 - - [17/Jul/2025:18:59:38 +0700] "GET /movie.php?action=edit&id=12 HTTP/1.1" 200 12813
::1 - - [17/Jul/2025:18:59:40 +0700] "GET /movie.php?action=edit&id=12 HTTP/1.1" 200 12813
::1 - - [17/Jul/2025:19:00:01 +0700] "GET /admin.php HTTP/1.1" 200 2124
::1 - - [17/Jul/2025:19:00:02 +0700] "GET /movie.php?action=edit&id=11 HTTP/1.1" 200 12813
::1 - - [17/Jul/2025:19:00:14 +0700] "GET /movie.php?action=edit&id=12 HTTP/1.1" 200 13021
::1 - - [17/Jul/2025:19:01:44 +0700] "GET /movie.php?action=edit&id=12 HTTP/1.1" 200 13026
::1 - - [17/Jul/2025:19:01:59 +0700] "GET /movie.php?action=edit&id=12 HTTP/1.1" 200 13026
::1 - - [17/Jul/2025:19:02:01 +0700] "GET /movie.php?action=edit&id=11 HTTP/1.1" 200 13053
::1 - - [17/Jul/2025:19:02:02 +0700] "GET /movie.php?action=edit&id=12 HTTP/1.1" 200 13026
::1 - - [17/Jul/2025:19:02:04 +0700] "GET /movie.php?action=edit&id=2 HTTP/1.1" 200 13050
::1 - - [17/Jul/2025:19:02:05 +0700] "GET /movie.php?action=edit&id=12 HTTP/1.1" 200 13026
::1 - - [17/Jul/2025:19:02:09 +0700] "GET /movie.php?action=edit&id=11 HTTP/1.1" 200 13053
::1 - - [17/Jul/2025:19:02:11 +0700] "GET /movie.php?action=edit&id=12 HTTP/1.1" 200 13026
::1 - - [17/Jul/2025:19:02:12 +0700] "GET /people.php?action=edit&id=1 HTTP/1.1" 404 196
::1 - - [17/Jul/2025:19:02:13 +0700] "GET /movie.php?action=edit&id=11 HTTP/1.1" 200 13053
::1 - - [17/Jul/2025:19:05:04 +0700] "GET /admin.php HTTP/1.1" 200 2124
::1 - - [17/Jul/2025:19:05:06 +0700] "GET /movie.php?action=edit&id=12 HTTP/1.1" 200 4348
::1 - - [17/Jul/2025:19:05:10 +0700] "GET /movie.php?action=edit&id=11 HTTP/1.1" 200 4375
::1 - - [17/Jul/2025:19:05:12 +0700] "GET /movie.php?action=edit&id=2 HTTP/1.1" 200 4372
::1 - - [17/Jul/2025:19:05:13 +0700] "GET /movie.php?action=edit&id=12 HTTP/1.1" 200 4348
::1 - - [17/Jul/2025:19:05:14 +0700] "GET /movie.php?action=edit&id=11 HTTP/1.1" 200 4375
::1 - - [18/Jul/2025:16:37:31 +0700] "POST /plugin%3Awindow%7Cdestroy HTTP/1.1" 403 199
::1 - - [18/Jul/2025:19:35:32 +0700] "POST /plugin%3Awindow%7Cdestroy HTTP/1.1" 403 199
::1 - - [18/Jul/2025:19:35:47 +0700] "POST /plugin%3Ahttp%7Cfetch_send HTTP/1.1" 403 199
::1 - - [18/Jul/2025:19:35:47 +0700] "POST /start_websocket HTTP/1.1" 404 196
::1 - - [19/Jul/2025:16:03:23 +0700] "GET /phpinfo.php HTTP/1.1" 200 81090
::1 - - [19/Jul/2025:16:03:23 +0700] "GET /favicon.ico HTTP/1.1" 404 196
::1 - - [19/Jul/2025:16:05:00 +0700] "GET /phpinfo.php HTTP/1.1" 200 453
::1 - - [19/Jul/2025:16:05:29 +0700] "GET /gdtest.php HTTP/1.1" 200 453
::1 - - [19/Jul/2025:16:12:00 +0700] "GET /db_ch07-1.php HTTP/1.1" 200 7
::1 - - [19/Jul/2025:16:14:10 +0700] "GET /upload_image.html HTTP/1.1" 200 1149
::1 - - [19/Jul/2025:16:14:15 +0700] "POST /check_image.php HTTP/1.1" 200 -
::1 - - [19/Jul/2025:16:14:19 +0700] "POST /check_image.php HTTP/1.1" 200 -
::1 - - [19/Jul/2025:16:32:49 +0700] "POST /check_image.php HTTP/1.1" 200 168
::1 - - [19/Jul/2025:16:33:34 +0700] "POST /check_image.php HTTP/1.1" 200 230
::1 - - [19/Jul/2025:16:34:50 +0700] "POST /check_image.php HTTP/1.1" 200 586
::1 - - [19/Jul/2025:16:34:50 +0700] "GET /images/1.jpg HTTP/1.1" 200 319835
::1 - - [19/Jul/2025:16:38:07 +0700] "POST /check_image.php HTTP/1.1" 200 67
::1 - - [19/Jul/2025:16:38:13 +0700] "POST /check_image.php HTTP/1.1" 200 585
::1 - - [19/Jul/2025:16:38:13 +0700] "GET /images/2.jpg HTTP/1.1" 200 91517
::1 - - [19/Jul/2025:16:39:01 +0700] "POST /check_image.php HTTP/1.1" 200 585
::1 - - [19/Jul/2025:16:39:01 +0700] "GET /images/3.jpg HTTP/1.1" 200 227827
::1 - - [19/Jul/2025:16:59:02 +0700] "GET /db_ch07-2.php HTTP/1.1" 200 7
::1 - - [19/Jul/2025:17:05:52 +0700] "POST /check_image.php HTTP/1.1" 200 1350
::1 - - [19/Jul/2025:17:06:29 +0700] "POST /check_image.php HTTP/1.1" 200 384
::1 - - [19/Jul/2025:17:07:23 +0700] "POST /check_image.php HTTP/1.1" 200 384
::1 - - [19/Jul/2025:17:07:42 +0700] "POST /check_image.php HTTP/1.1" 200 384
::1 - - [19/Jul/2025:17:09:39 +0700] "POST /check_image.php HTTP/1.1" 200 384
::1 - - [19/Jul/2025:17:09:40 +0700] "POST /check_image.php HTTP/1.1" 200 384
::1 - - [19/Jul/2025:17:09:57 +0700] "POST /check_image.php HTTP/1.1" 200 384
::1 - - [19/Jul/2025:17:13:56 +0700] "POST /check_image.php HTTP/1.1" 200 534
::1 - - [19/Jul/2025:17:13:57 +0700] "GET /images/4.jpg HTTP/1.1" 200 105976
::1 - - [19/Jul/2025:17:14:25 +0700] "POST /check_image.php HTTP/1.1" 200 1103
::1 - - [19/Jul/2025:17:14:30 +0700] "POST /check_image.php HTTP/1.1" 200 67
::1 - - [19/Jul/2025:17:14:39 +0700] "POST /check_image.php HTTP/1.1" 200 533
::1 - - [19/Jul/2025:17:14:39 +0700] "GET /images/5.png HTTP/1.1" 200 690828
::1 - - [19/Jul/2025:17:28:58 +0700] "GET /gallery.php HTTP/1.1" 200 377
::1 - - [19/Jul/2025:17:29:21 +0700] "GET /gallery.php HTTP/1.1" 200 1263
::1 - - [19/Jul/2025:17:29:21 +0700] "GET /images/thumbs/1.jpg HTTP/1.1" 404 196
::1 - - [19/Jul/2025:17:29:21 +0700] "GET /images/thumbs/2.jpg HTTP/1.1" 404 196
::1 - - [19/Jul/2025:17:29:21 +0700] "GET /images/thumbs/3.jpg HTTP/1.1" 404 196
::1 - - [19/Jul/2025:17:29:21 +0700] "GET /images/thumbs/4.jpg HTTP/1.1" 404 196
::1 - - [19/Jul/2025:17:29:21 +0700] "GET /images/thumbs/5.jpg HTTP/1.1" 404 196
::1 - - [19/Jul/2025:17:29:23 +0700] "GET /images/1.jpg HTTP/1.1" 304 -
::1 - - [19/Jul/2025:17:29:24 +0700] "GET /images/2.jpg HTTP/1.1" 304 -
::1 - - [19/Jul/2025:17:29:25 +0700] "GET /images/3.jpg HTTP/1.1" 304 -
::1 - - [19/Jul/2025:17:29:26 +0700] "GET /images/4.jpg HTTP/1.1" 404 196
::1 - - [19/Jul/2025:17:29:56 +0700] "GET /gallery.php HTTP/1.1" 200 1453
::1 - - [19/Jul/2025:17:30:09 +0700] "GET /gallery.php HTTP/1.1" 200 1263
::1 - - [19/Jul/2025:17:30:09 +0700] "GET /images/thumbs/1.jpg HTTP/1.1" 404 196
::1 - - [19/Jul/2025:17:30:09 +0700] "GET /images/thumbs/2.jpg HTTP/1.1" 404 196
::1 - - [19/Jul/2025:17:30:10 +0700] "GET /images/thumbs/4.jpg HTTP/1.1" 404 196
::1 - - [19/Jul/2025:17:30:10 +0700] "GET /images/thumbs/3.jpg HTTP/1.1" 404 196
::1 - - [19/Jul/2025:17:30:10 +0700] "GET /images/thumbs/5.jpg HTTP/1.1" 404 196
::1 - - [19/Jul/2025:17:31:25 +0700] "GET /gallery.php HTTP/1.1" 200 1028
::1 - - [19/Jul/2025:17:32:56 +0700] "GET /gallery.php HTTP/1.1" 200 1283
::1 - - [19/Jul/2025:17:32:56 +0700] "GET /images/4.jpg HTTP/1.1" 404 196
::1 - - [19/Jul/2025:17:32:56 +0700] "GET /images/5.jpg HTTP/1.1" 404 196
::1 - - [19/Jul/2025:17:33:08 +0700] "GET /gallery.php HTTP/1.1" 200 1283
::1 - - [19/Jul/2025:17:33:08 +0700] "GET /images/4.jpg HTTP/1.1" 404 196
::1 - - [19/Jul/2025:17:33:08 +0700] "GET /images/5.jpg HTTP/1.1" 404 196
::1 - - [19/Jul/2025:17:33:15 +0700] "GET /gallery.php HTTP/1.1" 200 1283
::1 - - [19/Jul/2025:17:33:15 +0700] "GET /images/4.jpg HTTP/1.1" 404 196
::1 - - [19/Jul/2025:17:33:15 +0700] "GET /images/5.jpg HTTP/1.1" 404 196
::1 - - [19/Jul/2025:17:33:23 +0700] "GET /gallery.php HTTP/1.1" 200 1273
::1 - - [19/Jul/2025:17:33:23 +0700] "GET /images/4.jpg HTTP/1.1" 404 196
::1 - - [19/Jul/2025:17:33:23 +0700] "GET /images/5.jpg HTTP/1.1" 404 196
::1 - - [19/Jul/2025:17:33:24 +0700] "GET /images/4.jpg HTTP/1.1" 404 196
::1 - - [19/Jul/2025:17:33:26 +0700] "GET /images/5.jpg HTTP/1.1" 404 196
::1 - - [19/Jul/2025:17:34:07 +0700] "GET /gallery.php HTTP/1.1" 200 1273
::1 - - [19/Jul/2025:17:34:07 +0700] "GET /images/4.jpg HTTP/1.1" 404 196
::1 - - [19/Jul/2025:17:34:07 +0700] "GET /images/5.jpg HTTP/1.1" 404 196
::1 - - [19/Jul/2025:17:34:08 +0700] "GET /gallery.php HTTP/1.1" 200 1273
::1 - - [19/Jul/2025:17:34:09 +0700] "GET /images/4.jpg HTTP/1.1" 404 196
::1 - - [19/Jul/2025:17:34:09 +0700] "GET /images/5.jpg HTTP/1.1" 404 196
::1 - - [19/Jul/2025:17:34:09 +0700] "GET /gallery.php HTTP/1.1" 200 1273
::1 - - [19/Jul/2025:17:34:09 +0700] "GET /images/4.jpg HTTP/1.1" 404 196
::1 - - [19/Jul/2025:17:34:09 +0700] "GET /images/5.jpg HTTP/1.1" 404 196
::1 - - [19/Jul/2025:17:34:33 +0700] "GET /gallery.php HTTP/1.1" 200 1273
::1 - - [19/Jul/2025:17:34:33 +0700] "GET /images/2.jpg HTTP/1.1" 404 196
::1 - - [19/Jul/2025:17:34:33 +0700] "GET /images/3.jpg HTTP/1.1" 404 196
::1 - - [19/Jul/2025:17:34:33 +0700] "GET /images/4.jpg HTTP/1.1" 200 105976
::1 - - [19/Jul/2025:17:34:33 +0700] "GET /images/5.jpg HTTP/1.1" 404 196
::1 - - [19/Jul/2025:17:34:35 +0700] "GET /images/4.jpg HTTP/1.1" 304 -
::1 - - [19/Jul/2025:17:34:37 +0700] "GET /images/2.jpg HTTP/1.1" 404 196
::1 - - [19/Jul/2025:17:35:01 +0700] "GET /gallery.php HTTP/1.1" 200 1273
::1 - - [19/Jul/2025:17:35:01 +0700] "GET /images/1.jpg HTTP/1.1" 304 -
::1 - - [19/Jul/2025:17:35:01 +0700] "GET /images/2.jpg HTTP/1.1" 200 91517
::1 - - [19/Jul/2025:17:35:01 +0700] "GET /images/4.jpg HTTP/1.1" 404 196
::1 - - [19/Jul/2025:17:35:01 +0700] "GET /images/3.jpg HTTP/1.1" 200 227827
::1 - - [19/Jul/2025:17:35:01 +0700] "GET /images/5.jpg HTTP/1.1" 404 196
::1 - - [19/Jul/2025:17:36:29 +0700] "GET /gallery.php HTTP/1.1" 200 978
::1 - - [19/Jul/2025:17:36:43 +0700] "GET /upload_image.html HTTP/1.1" 304 -
::1 - - [19/Jul/2025:17:36:49 +0700] "POST /check_image.php HTTP/1.1" 200 67
::1 - - [19/Jul/2025:17:36:57 +0700] "POST /check_image.php HTTP/1.1" 200 533
::1 - - [19/Jul/2025:17:36:57 +0700] "GET /images/6.png HTTP/1.1" 200 690828
::1 - - [19/Jul/2025:17:37:01 +0700] "POST /check_image.php HTTP/1.1" 200 533
::1 - - [19/Jul/2025:17:37:01 +0700] "GET /images/7.jpg HTTP/1.1" 200 85883
::1 - - [19/Jul/2025:17:37:04 +0700] "GET /gallery.php HTTP/1.1" 200 1273
::1 - - [19/Jul/2025:17:37:04 +0700] "GET /images/7.jpg HTTP/1.1" 304 -
::1 - - [19/Jul/2025:17:37:04 +0700] "GET /images/6.jpg HTTP/1.1" 404 196
::1 - - [19/Jul/2025:17:37:06 +0700] "GET /images/6.jpg HTTP/1.1" 404 196
::1 - - [19/Jul/2025:17:37:11 +0700] "GET /gallery.php HTTP/1.1" 200 1273
::1 - - [19/Jul/2025:17:37:11 +0700] "GET /images/7.jpg HTTP/1.1" 304 -
::1 - - [19/Jul/2025:17:37:11 +0700] "GET /images/6.jpg HTTP/1.1" 404 196
::1 - - [19/Jul/2025:17:37:11 +0700] "GET /gallery.php HTTP/1.1" 200 1273
::1 - - [19/Jul/2025:17:37:11 +0700] "GET /images/6.jpg HTTP/1.1" 404 196
::1 - - [19/Jul/2025:17:37:11 +0700] "GET /gallery.php HTTP/1.1" 200 1273
::1 - - [19/Jul/2025:17:37:11 +0700] "GET /images/6.jpg HTTP/1.1" 404 196
::1 - - [19/Jul/2025:17:37:12 +0700] "GET /gallery.php HTTP/1.1" 200 1273
::1 - - [19/Jul/2025:17:37:12 +0700] "GET /images/7.jpg HTTP/1.1" 304 -
::1 - - [19/Jul/2025:17:37:12 +0700] "GET /images/6.jpg HTTP/1.1" 404 196
::1 - - [19/Jul/2025:17:37:12 +0700] "GET /gallery.php HTTP/1.1" 200 1273
::1 - - [19/Jul/2025:17:37:12 +0700] "GET /images/6.jpg HTTP/1.1" 404 196
::1 - - [19/Jul/2025:17:37:13 +0700] "GET /images/6.jpg HTTP/1.1" 404 196
::1 - - [19/Jul/2025:17:37:23 +0700] "GET /gallery.php HTTP/1.1" 200 1273
::1 - - [19/Jul/2025:17:37:23 +0700] "GET /images/7.jpg HTTP/1.1" 304 -
::1 - - [19/Jul/2025:17:37:23 +0700] "GET /images/6.jpg HTTP/1.1" 404 196
::1 - - [19/Jul/2025:17:37:24 +0700] "GET /gallery.php HTTP/1.1" 200 1273
::1 - - [19/Jul/2025:17:37:24 +0700] "GET /images/6.jpg HTTP/1.1" 404 196
::1 - - [19/Jul/2025:17:37:25 +0700] "GET /gallery.php HTTP/1.1" 200 1273
::1 - - [19/Jul/2025:17:37:25 +0700] "GET /images/6.jpg HTTP/1.1" 404 196
::1 - - [19/Jul/2025:17:37:25 +0700] "GET /gallery.php HTTP/1.1" 200 1273
::1 - - [19/Jul/2025:17:37:25 +0700] "GET /images/7.jpg HTTP/1.1" 304 -
::1 - - [19/Jul/2025:17:37:25 +0700] "GET /images/6.jpg HTTP/1.1" 404 196
::1 - - [19/Jul/2025:17:37:25 +0700] "GET /gallery.php HTTP/1.1" 200 1273
::1 - - [19/Jul/2025:17:37:25 +0700] "GET /images/6.jpg HTTP/1.1" 404 196
::1 - - [19/Jul/2025:17:37:25 +0700] "GET /gallery.php HTTP/1.1" 200 1273
::1 - - [19/Jul/2025:17:37:25 +0700] "GET /images/6.jpg HTTP/1.1" 404 196
::1 - - [19/Jul/2025:17:37:25 +0700] "GET /gallery.php HTTP/1.1" 200 1273
::1 - - [19/Jul/2025:17:37:25 +0700] "GET /images/6.jpg HTTP/1.1" 404 196
::1 - - [19/Jul/2025:17:37:26 +0700] "GET /gallery.php HTTP/1.1" 200 1273
::1 - - [19/Jul/2025:17:37:26 +0700] "GET /images/6.jpg HTTP/1.1" 404 196
::1 - - [19/Jul/2025:17:37:27 +0700] "GET /upload_image.html HTTP/1.1" 304 -
::1 - - [19/Jul/2025:17:37:55 +0700] "GET /gallery.php HTTP/1.1" 200 1273
::1 - - [19/Jul/2025:17:37:55 +0700] "GET /images/7.jpg HTTP/1.1" 304 -
::1 - - [19/Jul/2025:17:37:55 +0700] "GET /images/6.jpg HTTP/1.1" 404 196
